[16:33:45] [Client thread/INFO]: Setting user: GLgele
[16:33:45] [Client thread/INFO]: (Session ID is token:eyJ0eXAiOiJKV1QiLCJhbGciOiJIUzI1NiJ9.eyJzdWIiOiI3ZTU3N2FlZWI1NDE1NWQyYmIzM2I0ODZhYmZiMTg2NyIsInlnZ3QiOiIwYzRiOTZmOTljMzg0OTA0ODQzNzEwMWM4OGNlMDExNyIsInNwciI6Ijg0ZThkZThlZjZkOTQzNzE4MzViNjg0NGNiN2ZmMGU5IiwiaXNzIjoiWWdnZHJhc2lsLUF1dGgiLCJleHAiOjE2MDYxODk4OTIsImlhdCI6MTYwNTkzMDY5Mn0.NA3cTNJbOoBDgUy4Aht-fbDuy6T7DRmvUE6W11q_kE0:84e8de8ef6d94371835b6844cb7ff0e9)
[16:33:46] [Client thread/INFO]: LWJGL Version: 2.9.4
[16:33:47] [Client thread/INFO]: Reloading ResourceManager: Default
[16:33:48] [Sound Library Loader/INFO]: Starting up SoundSystem...
[16:33:48] [Thread-7/INFO]: Initializing LWJGL OpenAL
[16:33:48] [Thread-7/INFO]: (The LWJGL binding of OpenAL.  For more information, see http://www.lwjgl.org)
[16:33:48] [Thread-7/INFO]: OpenAL initialized.
[16:33:48] [Sound Library Loader/INFO]: Sound engine started
[16:33:50] [Client thread/INFO]: Created: 512x512 textures-atlas
[16:34:00] [Client thread/INFO]: Connecting to cn-sq-bgp.sakurafrp.com, 47271
[16:34:00] [Client thread/INFO]: [CHAT] GLgele joined the game
[16:34:04] [Client thread/INFO]: [CHAT] GLgele 刚刚获得了 [打开物品栏] 成就！
[16:34:17] [Client thread/INFO]: [CHAT] [SkinsRestorer] Opening the skins menu...
[16:34:23] [Client thread/INFO]: [CHAT] Usage: {command} {syntax}
[16:34:23] [Client thread/INFO]: [CHAT] Usage: /skin url  <url>
[16:34:32] [Client thread/INFO]: [CHAT] Dark_Rider_W 被 xueying_f 杀死了
[16:34:34] [Client thread/INFO]: [CHAT] giovors 被 xueying_f 杀死了
[16:34:35] [Client thread/INFO]: [CHAT] gouzi_swhit25 被 xueying_f 杀死了
[16:34:36] [Client thread/INFO]: [CHAT] zhuangyukai97 被 giovors 杀死了
[16:34:37] [Client thread/INFO]: [CHAT] xueying_f 被 giovors 杀死了
[16:34:38] [Client thread/INFO]: [CHAT] [SkinsRestorer] Uploading skin, please wait...(This may take up some time)
[16:34:39] [Client thread/INFO]: [CHAT] GLgele 被 giovors 杀死了
[16:34:39] [Client thread/INFO]: [CHAT] Dark_Rider_W 被 zhuangyukai97 杀死了
[16:34:40] [Client thread/INFO]: [CHAT] zhuangyukai97 被 xueying_f 杀死了
[16:34:40] [Client thread/INFO]: [CHAT] xueying_f 被 zhuangyukai97 杀死了
[16:34:40] [Client thread/INFO]: [CHAT] gouzi_swhit25 被 giovors 杀死了
[16:34:42] [Client thread/INFO]: [CHAT] Dark_Rider_W 被 giovors 杀死了
[16:34:42] [Client thread/INFO]: [CHAT] TF_taifeng 被 GLgele 杀死了
[16:34:45] [Client thread/INFO]: [CHAT] Dark_Rider_W left the game.
[16:34:45] [Client thread/INFO]: [CHAT] xueying_f 被 zhuangyukai97 杀死了
[16:34:45] [Client thread/INFO]: [CHAT] zhuangyukai97 被 GLgele 杀死了
[16:34:46] [Client thread/INFO]: [CHAT] giovors 被 GLgele 杀死了
[16:34:47] [Client thread/INFO]: [CHAT] GLgele 被 zhuangyukai97 杀死了
[16:34:50] [Client thread/INFO]: [CHAT] TF_taifeng 被 xueying_f 杀死了
[16:34:51] [Client thread/INFO]: [CHAT] [SkinsRestorer] Error: You can change your skin again in 17 seconds.
[16:34:51] [Client thread/INFO]: [CHAT] giovors 被 zhuangyukai97 杀死了
[16:34:51] [Client thread/INFO]: [CHAT] GLgele 被 xueying_f 杀死了
[16:34:52] [Client thread/INFO]: [CHAT] zhuangyukai97 被 gouzi_swhit25 杀死了
[16:34:54] [Client thread/INFO]: [CHAT] gouzi_swhit25 被 sjy33443 杀死了
[16:34:56] [Client thread/INFO]: [CHAT] xueying_f 被 GLgele 杀死了
[16:34:57] [Client thread/INFO]: [CHAT] TF_taifeng 被 zhuangyukai97 杀死了
[16:34:58] [Client thread/INFO]: [CHAT] gouzi_swhit25 被 giovors 杀死了
[16:34:58] [Client thread/INFO]: [CHAT] GLgele 被 zhuangyukai97 杀死了
[16:34:59] [Client thread/INFO]: [CHAT] TF_taifeng 被 zhuangyukai97 杀死了
[16:35:00] [Client thread/INFO]: [CHAT] zhuangyukai97 被 xueying_f 杀死了
[16:35:01] [Client thread/INFO]: [CHAT] Dark_Rider_W joined the game
[16:35:06] [Client thread/INFO]: [CHAT] zhuangyukai97 被 xueying_f 杀死了
[16:35:08] [Client thread/INFO]: [CHAT] TF_taifeng 被 GLgele 杀死了
[16:35:13] [Client thread/INFO]: [CHAT] [SkinsRestorer] Uploading skin, please wait...(This may take up some time)
[16:35:17] [Client thread/INFO]: [CHAT] <Dark_Rider_W> bieda
[16:35:24] [Client thread/INFO]: [CHAT] [SkinsRestorer] Your skin has been changed.
[16:35:26] [Client thread/INFO]: [CHAT] Dark_Rider_W left the game.
[16:35:31] [Client thread/INFO]: Connecting to cn-sq-bgp.sakurafrp.com, 47271
[16:35:32] [Client thread/INFO]: [CHAT] GLgele joined the game
[16:35:38] [Client thread/INFO]: [CHAT] <zhuangyukai97> 我开了
[16:35:44] [Client thread/INFO]: [CHAT] <zhuangyukai97> 我开了
[16:35:57] [Client thread/INFO]: [CHAT] Dark_Rider_W joined the game
[16:36:02] [Client thread/INFO]: [CHAT] xueying_f 刚刚获得了 [打开物品栏] 成就！
[16:36:18] [Client thread/INFO]: [CHAT] zhuangyukai97 掉出了这个世界
