[10:02:56] [Client thread/INFO]: Setting user: GLgele
[10:02:56] [Client thread/INFO]: (Session ID is token:eyJ0eXAiOiJKV1QiLCJhbGciOiJIUzI1NiJ9.eyJzdWIiOiI3ZTU3N2FlZWI1NDE1NWQyYmIzM2I0ODZhYmZiMTg2NyIsInlnZ3QiOiI1YjRlNTQ0NGJmY2Y0M2RkYjgzN2ZkODQ1YWU5MmY2NCIsInNwciI6Ijg0ZThkZThlZjZkOTQzNzE4MzViNjg0NGNiN2ZmMGU5IiwiaXNzIjoiWWdnZHJhc2lsLUF1dGgiLCJleHAiOjE2MDgwODI1NjAsImlhdCI6MTYwNzgyMzM2MH0.gz0v3xFsG6cU8tWWmVgqGZH-WNRx-GqW2Rpnp06Tqbg:84e8de8ef6d94371835b6844cb7ff0e9)
[10:02:57] [Client thread/INFO]: LWJGL Version: 2.9.4
[10:02:58] [Client thread/INFO]: Reloading ResourceManager: Default, 游戏世界材质包, PVP.zip
[10:02:59] [Sound Library Loader/INFO]: Starting up SoundSystem...
[10:02:59] [Thread-7/INFO]: Initializing LWJGL OpenAL
[10:02:59] [Thread-7/INFO]: (The LWJGL binding of OpenAL.  For more information, see http://www.lwjgl.org)
[10:02:59] [Thread-7/INFO]: OpenAL initialized.
[10:02:59] [Sound Library Loader/INFO]: Sound engine started
[10:03:01] [Client thread/WARN]: Texture minecraft:textures/blocks/slime.png with size 8x8 limits mip level from 4 to 3
[10:03:01] [Client thread/WARN]: textures: dropping miplevel from 4 to 3, because of minimum power of two: 8
[10:03:02] [Client thread/INFO]: Created: 2048x2048 textures-atlas
[10:03:03] [Client thread/INFO]: Connecting to play.mcyc.win, 25565
[10:03:06] [Client thread/INFO]: [CHAT] 
[10:03:06] [Client thread/INFO]: [CHAT] 
[10:03:06] [Client thread/INFO]: [CHAT] 
[10:03:06] [Client thread/INFO]: [CHAT] 
[10:03:06] [Client thread/INFO]: [CHAT] 
[10:03:06] [Client thread/INFO]: [CHAT] 
[10:03:06] [Client thread/INFO]: [CHAT] 
[10:03:06] [Client thread/INFO]: [CHAT] 
[10:03:06] [Client thread/INFO]: [CHAT] 
[10:03:06] [Client thread/INFO]: [CHAT] 
[10:03:06] [Client thread/INFO]: [CHAT] 
[10:03:06] [Client thread/INFO]: [CHAT] 
[10:03:06] [Client thread/INFO]: [CHAT] 
[10:03:06] [Client thread/INFO]: [CHAT] 
[10:03:06] [Client thread/INFO]: [CHAT] 
[10:03:06] [Client thread/INFO]: [CHAT] 
[10:03:06] [Client thread/INFO]: [CHAT] 
[10:03:06] [Client thread/INFO]: [CHAT] 
[10:03:06] [Client thread/INFO]: [CHAT] 
[10:03:06] [Client thread/INFO]: [CHAT] 
[10:03:06] [Client thread/INFO]: [CHAT] 
[10:03:06] [Client thread/INFO]: [CHAT] 
[10:03:06] [Client thread/INFO]: [CHAT] 
[10:03:06] [Client thread/INFO]: [CHAT] 
[10:03:06] [Client thread/INFO]: [CHAT] 
[10:03:06] [Client thread/INFO]: [CHAT] 
[10:03:06] [Client thread/INFO]: [CHAT] 
[10:03:06] [Client thread/INFO]: [CHAT] 
[10:03:06] [Client thread/INFO]: [CHAT] 
[10:03:06] [Client thread/INFO]: [CHAT] 
[10:03:06] [Client thread/INFO]: [CHAT] 
[10:03:06] [Client thread/INFO]: [CHAT] 
[10:03:06] [Client thread/INFO]: [CHAT] 
[10:03:06] [Client thread/INFO]: [CHAT] 
[10:03:06] [Client thread/INFO]: [CHAT] 
[10:03:06] [Client thread/INFO]: [CHAT] 
[10:03:06] [Client thread/INFO]: [CHAT] 
[10:03:06] [Client thread/INFO]: [CHAT] 
[10:03:06] [Client thread/INFO]: [CHAT] 
[10:03:06] [Client thread/INFO]: [CHAT] 
[10:03:06] [Client thread/INFO]: [CHAT] 
[10:03:06] [Client thread/INFO]: [CHAT] 
[10:03:06] [Client thread/INFO]: [CHAT] 
[10:03:06] [Client thread/INFO]: [CHAT] 
[10:03:06] [Client thread/INFO]: [CHAT] 
[10:03:06] [Client thread/INFO]: [CHAT] 
[10:03:06] [Client thread/INFO]: [CHAT] 
[10:03:06] [Client thread/INFO]: [CHAT] 
[10:03:06] [Client thread/INFO]: [CHAT] 
[10:03:06] [Client thread/INFO]: [CHAT] 
[10:03:06] [Client thread/INFO]: [CHAT] 
[10:03:06] [Client thread/INFO]: [CHAT] 
[10:03:06] [Client thread/INFO]: [CHAT] 
[10:03:06] [Client thread/INFO]: [CHAT] 
[10:03:06] [Client thread/INFO]: [CHAT] 
[10:03:06] [Client thread/INFO]: [CHAT] 
[10:03:06] [Client thread/INFO]: [CHAT] 
[10:03:06] [Client thread/INFO]: [CHAT] 
[10:03:06] [Client thread/INFO]: [CHAT] 
[10:03:06] [Client thread/INFO]: [CHAT] 
[10:03:06] [Client thread/INFO]: [CHAT] 
[10:03:06] [Client thread/INFO]: [CHAT] 
[10:03:06] [Client thread/INFO]: [CHAT] 
[10:03:06] [Client thread/INFO]: [CHAT] 
[10:03:06] [Client thread/INFO]: [CHAT] 
[10:03:06] [Client thread/INFO]: [CHAT] 
[10:03:06] [Client thread/INFO]: [CHAT] 
[10:03:06] [Client thread/INFO]: [CHAT] 
[10:03:06] [Client thread/INFO]: [CHAT] 
[10:03:06] [Client thread/INFO]: [CHAT] 
[10:03:06] [Client thread/INFO]: [CHAT] 
[10:03:06] [Client thread/INFO]: [CHAT] 
[10:03:06] [Client thread/INFO]: [CHAT] 
[10:03:06] [Client thread/INFO]: [CHAT] 
[10:03:06] [Client thread/INFO]: [CHAT] 
[10:03:06] [Client thread/INFO]: [CHAT] 
[10:03:06] [Client thread/INFO]: [CHAT] 
[10:03:06] [Client thread/INFO]: [CHAT] 
[10:03:06] [Client thread/INFO]: [CHAT] 
[10:03:06] [Client thread/INFO]: [CHAT] 
[10:03:06] [Client thread/INFO]: [CHAT] 
[10:03:06] [Client thread/INFO]: [CHAT] 
[10:03:06] [Client thread/INFO]: [CHAT] 
[10:03:06] [Client thread/INFO]: [CHAT] 
[10:03:06] [Client thread/INFO]: [CHAT] 
[10:03:06] [Client thread/INFO]: [CHAT] 
[10:03:06] [Client thread/INFO]: [CHAT] 
[10:03:06] [Client thread/INFO]: [CHAT] 
[10:03:06] [Client thread/INFO]: [CHAT] 
[10:03:06] [Client thread/INFO]: [CHAT] 
[10:03:06] [Client thread/INFO]: [CHAT] 
[10:03:06] [Client thread/INFO]: [CHAT] 
[10:03:06] [Client thread/INFO]: [CHAT] 
[10:03:06] [Client thread/INFO]: [CHAT] 
[10:03:06] [Client thread/INFO]: [CHAT] 
[10:03:06] [Client thread/INFO]: [CHAT] 
[10:03:06] [Client thread/INFO]: [CHAT] 
[10:03:06] [Client thread/INFO]: [CHAT] 
[10:03:06] [Client thread/INFO]: [CHAT] 
[10:03:06] [Client thread/INFO]: [CHAT] 
[10:03:06] [Client thread/INFO]: [CHAT] 
[10:03:06] [Client thread/INFO]: [CHAT] 
[10:03:06] [Client thread/INFO]: [CHAT] 
[10:03:06] [Client thread/INFO]: [CHAT] 
[10:03:06] [Client thread/INFO]: [CHAT] 
[10:03:06] [Client thread/INFO]: [CHAT] 
[10:03:06] [Client thread/INFO]: [CHAT] 
[10:03:06] [Client thread/INFO]: [CHAT] 
[10:03:06] [Client thread/INFO]: [CHAT] 
[10:03:06] [Client thread/INFO]: [CHAT] 
[10:03:06] [Client thread/INFO]: [CHAT] 
[10:03:06] [Client thread/INFO]: [CHAT] 
[10:03:06] [Client thread/INFO]: [CHAT] 
[10:03:06] [Client thread/INFO]: [CHAT] 
[10:03:06] [Client thread/INFO]: [CHAT] 
[10:03:06] [Client thread/INFO]: [CHAT] 
[10:03:06] [Client thread/INFO]: [CHAT] 
[10:03:06] [Client thread/INFO]: [CHAT] 
[10:03:06] [Client thread/INFO]: [CHAT] 
[10:03:06] [Client thread/INFO]: [CHAT] 
[10:03:07] [Client thread/INFO]: [CHAT] §3 §6 §3 §6 §3 §6 §e
[10:03:07] [Client thread/INFO]: [CHAT] §0§0§1§2§3§5§e§f
[10:03:07] [Client thread/INFO]: [CHAT] §0§0§c§d§e§f
[10:03:07] [Client thread/INFO]: [CHAT] §3 §9 §2 §0 §0 §2
[10:03:07] [Client thread/INFO]: [CHAT] §3 §9 §2 §0 §0 §1
[10:03:07] [Client thread/INFO]: [CHAT] §3 §9 §2 §0 §0 §3
[10:03:07] [Client thread/INFO]: [CHAT] §0§0§1§e§f
[10:03:07] [Client thread/INFO]: [CHAT] §0§0§2§3§4§5§6§7§e§f
[10:03:07] [Client thread/INFO]: [CHAT] §3 §6 §3 §6 §3 §6 §d
[10:03:07] [Client thread/INFO]: [CHAT] §0§0§1§f§e
[10:03:07] [Client thread/INFO]: [CHAT] §0§0§1§f§e
[10:03:07] [Client thread/INFO]: [CHAT] §0§0§3§4§5§6§7§8§f§e
[10:03:07] [Client thread/INFO]: [CHAT] §0§1§0§1§2§f§f
[10:03:07] [Client thread/INFO]: [CHAT] §0§1§3§4§f§f
[10:03:07] [Client thread/INFO]: [CHAT] §0§1§5§f§f
[10:03:07] [Client thread/INFO]: [CHAT] §0§1§6§f§f
[10:03:07] [Client thread/INFO]: [CHAT] §0§1§7§f§f
[10:03:07] [Client thread/INFO]: [CHAT] §0§1§8§9§a§b§f§f
[10:03:07] [Client thread/INFO]: [CHAT] §0§2§0§0§e§f
[10:03:07] [Client thread/INFO]: [CHAT] §0§2§1§0§e§f
[10:03:07] [Client thread/INFO]: [CHAT] §0§2§1§1§e§f
[10:03:07] [Client thread/INFO]: [CHAT] §f §f §2 §0 §4 §8
[10:03:07] [Client thread/INFO]: [CHAT] §f §f §4 §0 §9 §6
[10:03:07] [Client thread/INFO]: [CHAT] §f §f §1 §0 §2 §4
[10:03:07] [Client thread/INFO]: [CHAT] 
[10:03:07] [Client thread/INFO]: [CHAT] 
[10:03:07] [Client thread/INFO]: [CHAT] 
[10:03:07] [Client thread/INFO]: [CHAT] 
[10:03:07] [Client thread/INFO]: [CHAT] --------------------------------------------------
[10:03:07] [Client thread/INFO]: [CHAT] -欢迎来到 游戏世界 服务器
[10:03:07] [Client thread/INFO]: [CHAT] -按T〔或回车〕输入".l 密码"进行登录
[10:03:07] [Client thread/INFO]: [CHAT] -比如: .l 23366 即可登录! 
[10:03:07] [Client thread/INFO]: [CHAT] -不是/login 而是 .login 密码!
[10:03:07] [Client thread/INFO]: [CHAT] -
[10:03:07] [Client thread/INFO]: [CHAT] -如果显示需要登录,说明该游戏名已在服务器注册
[10:03:07] [Client thread/INFO]: [CHAT] -你可以更改游戏名,请在启动器界面换游戏名注册
[10:03:07] [Client thread/INFO]: [CHAT] -服务器QQ群:904935011 牢记服务器IP地址:play.mcyc.win
[10:03:07] [Client thread/INFO]: [CHAT] --------------------------------------------------
[10:04:12] [Client thread/INFO]: Connecting to play.mcnsy.top, 25565
[10:04:53] [Client thread/INFO]: Connecting to mc964.com, 25565
[10:04:56] [Client thread/FATAL]: Error executing task
java.util.concurrent.ExecutionException: java.lang.NullPointerException
	at java.util.concurrent.FutureTask.report(Unknown Source) ~[?:1.8.0_251]
	at java.util.concurrent.FutureTask.get(Unknown Source) ~[?:1.8.0_251]
	at g.a(SourceFile:45) [1.8.9.jar:?]
	at ave.av(SourceFile:881) [1.8.9.jar:?]
	at ave.a(SourceFile:325) [1.8.9.jar:?]
	at net.minecraft.client.main.Main.main(SourceFile:124) [1.8.9.jar:?]
Caused by: java.lang.NullPointerException
	at auo.k(SourceFile:179) ~[1.8.9.jar:?]
	at bcy.a(SourceFile:1313) ~[1.8.9.jar:?]
	at hq.a(SourceFile:54) ~[1.8.9.jar:?]
	at hq.a(SourceFile:10) ~[1.8.9.jar:?]
	at fh$1.run(SourceFile:13) ~[1.8.9.jar:?]
	at java.util.concurrent.Executors$RunnableAdapter.call(Unknown Source) ~[?:1.8.0_251]
	at java.util.concurrent.FutureTask.run(Unknown Source) ~[?:1.8.0_251]
	at g.a(SourceFile:44) ~[1.8.9.jar:?]
	... 3 more
[10:04:58] [Client thread/INFO]: [CHAT] ===================================================
[10:04:58] [Client thread/INFO]: [CHAT] |
[10:04:58] [Client thread/INFO]: [CHAT] | 请先注册 你的账户 以正常游戏
[10:04:58] [Client thread/INFO]: [CHAT] |
[10:04:58] [Client thread/INFO]: [CHAT] | 使用 "/reg <密码> <密码>" 来进行注册
[10:04:58] [Client thread/INFO]: [CHAT] |
[10:04:58] [Client thread/INFO]: [CHAT] ===================================================
[10:05:03] [Client thread/INFO]: [CHAT] ===================================================
[10:05:03] [Client thread/INFO]: [CHAT] |
[10:05:03] [Client thread/INFO]: [CHAT] | 请先注册 你的账户 以正常游戏
[10:05:03] [Client thread/INFO]: [CHAT] |
[10:05:03] [Client thread/INFO]: [CHAT] | 使用 "/reg <密码> <密码>" 来进行注册
[10:05:03] [Client thread/INFO]: [CHAT] |
[10:05:03] [Client thread/INFO]: [CHAT] ===================================================
[10:05:03] [Client thread/INFO]: [CHAT] 已成功注册！
[10:05:03] [Client thread/INFO]: [CHAT]      
[10:05:03] [Client thread/INFO]: [CHAT]      
[10:05:03] [Client thread/INFO]: [CHAT] ===================================================
[10:05:03] [Client thread/INFO]: [CHAT] | 密码验证成功 请妥善保管你的账户与密码
[10:05:03] [Client thread/INFO]: [CHAT] ===================================================
[10:05:04] [Client thread/INFO]: [CHAT] 
[10:05:04] [Client thread/INFO]: [CHAT] 
[10:05:04] [Client thread/INFO]: [CHAT] 
[10:05:04] [Client thread/INFO]: [CHAT] 
[10:05:04] [Client thread/INFO]: [CHAT] ===================================================
[10:05:04] [Client thread/INFO]: [CHAT] |
[10:05:04] [Client thread/INFO]: [CHAT] §8§l§k|§r 请您按提示完成客户端验证。
[10:05:04] [Client thread/INFO]: [CHAT] |
[10:05:04] [Client thread/INFO]: [CHAT] §8§l§k|§e 点击 §6[这里] §e进行客户端验证。
[10:05:04] [Client thread/INFO]: [CHAT] |
[10:05:04] [Client thread/INFO]: [CHAT] ===================================================
[10:05:04] [Client thread/INFO]: [CHAT] 
[10:05:05] [Client thread/INFO]: [CHAT] 
[10:05:05] [Client thread/INFO]: [CHAT] 
[10:05:05] [Client thread/INFO]: [CHAT] 
[10:05:05] [Client thread/INFO]: [CHAT] 
[10:05:05] [Client thread/INFO]: [CHAT] ===================================================
[10:05:05] [Client thread/INFO]: [CHAT] |
[10:05:05] [Client thread/INFO]: [CHAT] §8§l§k|§r 请您按提示完成客户端验证。
[10:05:05] [Client thread/INFO]: [CHAT] |
[10:05:05] [Client thread/INFO]: [CHAT] §8§l§k|§e 点击 §6[这里] §e进行客户端验证。
[10:05:05] [Client thread/INFO]: [CHAT] |
[10:05:05] [Client thread/INFO]: [CHAT] ===================================================
[10:05:05] [Client thread/INFO]: [CHAT] 
[10:05:06] [Client thread/INFO]: [CHAT] 
[10:05:06] [Client thread/INFO]: [CHAT] 
[10:05:06] [Client thread/INFO]: [CHAT] 
[10:05:06] [Client thread/INFO]: [CHAT] 
[10:05:06] [Client thread/INFO]: [CHAT] ===================================================
[10:05:06] [Client thread/INFO]: [CHAT] |
[10:05:06] [Client thread/INFO]: [CHAT] §8§l§k|§r 请您按提示完成客户端验证。
[10:05:06] [Client thread/INFO]: [CHAT] |
[10:05:06] [Client thread/INFO]: [CHAT] §8§l§k|§e 点击 §6[这里] §e进行客户端验证。
[10:05:06] [Client thread/INFO]: [CHAT] |
[10:05:06] [Client thread/INFO]: [CHAT] ===================================================
[10:05:06] [Client thread/INFO]: [CHAT] 
[10:05:06] [Client thread/INFO]: [CHAT] 
[10:05:06] [Client thread/INFO]: [CHAT] 
[10:05:06] [Client thread/INFO]: [CHAT] 
[10:05:06] [Client thread/INFO]: [CHAT] 
[10:05:06] [Client thread/INFO]: [CHAT] ===================================================
[10:05:06] [Client thread/INFO]: [CHAT] |
[10:05:06] [Client thread/INFO]: [CHAT] §8§l§k|§r 请您按提示完成客户端验证。
[10:05:06] [Client thread/INFO]: [CHAT] |
[10:05:06] [Client thread/INFO]: [CHAT] §8§l§k|§e 点击 §6[这里] §e进行客户端验证。
[10:05:06] [Client thread/INFO]: [CHAT] |
[10:05:06] [Client thread/INFO]: [CHAT] ===================================================
[10:05:06] [Client thread/INFO]: [CHAT] 
[10:05:06] [Client thread/INFO]: [CHAT] 
[10:05:06] [Client thread/INFO]: [CHAT] 
[10:05:06] [Client thread/INFO]: [CHAT] 
[10:05:06] [Client thread/INFO]: [CHAT] 
[10:05:06] [Client thread/INFO]: [CHAT] ===================================================
[10:05:06] [Client thread/INFO]: [CHAT] |
[10:05:06] [Client thread/INFO]: [CHAT] §8§l§k|§r 请您按提示完成客户端验证。
[10:05:06] [Client thread/INFO]: [CHAT] |
[10:05:06] [Client thread/INFO]: [CHAT] §8§l§k|§e 点击 §6[这里] §e进行客户端验证。
[10:05:06] [Client thread/INFO]: [CHAT] |
[10:05:06] [Client thread/INFO]: [CHAT] ===================================================
[10:05:06] [Client thread/INFO]: [CHAT] 
[10:05:06] [Client thread/INFO]: [CHAT] 
[10:05:06] [Client thread/INFO]: [CHAT] 
[10:05:06] [Client thread/INFO]: [CHAT] 
[10:05:06] [Client thread/INFO]: [CHAT] 
[10:05:06] [Client thread/INFO]: [CHAT] ===================================================
[10:05:06] [Client thread/INFO]: [CHAT] |
[10:05:06] [Client thread/INFO]: [CHAT] §8§l§k|§r 请您按提示完成客户端验证。
[10:05:06] [Client thread/INFO]: [CHAT] |
[10:05:06] [Client thread/INFO]: [CHAT] §8§l§k|§e 点击 §6[这里] §e进行客户端验证。
[10:05:06] [Client thread/INFO]: [CHAT] |
[10:05:06] [Client thread/INFO]: [CHAT] ===================================================
[10:05:06] [Client thread/INFO]: [CHAT] 
[10:05:06] [Client thread/INFO]: [CHAT] 
[10:05:06] [Client thread/INFO]: [CHAT] 
[10:05:06] [Client thread/INFO]: [CHAT] 
[10:05:06] [Client thread/INFO]: [CHAT] 
[10:05:06] [Client thread/INFO]: [CHAT] ===================================================
[10:05:06] [Client thread/INFO]: [CHAT] |
[10:05:06] [Client thread/INFO]: [CHAT] §8§l§k|§r 请您按提示完成客户端验证。
[10:05:06] [Client thread/INFO]: [CHAT] |
[10:05:06] [Client thread/INFO]: [CHAT] §8§l§k|§e 点击 §6[这里] §e进行客户端验证。
[10:05:06] [Client thread/INFO]: [CHAT] |
[10:05:06] [Client thread/INFO]: [CHAT] ===================================================
[10:05:06] [Client thread/INFO]: [CHAT] 
[10:05:06] [Client thread/INFO]: [CHAT] 
[10:05:06] [Client thread/INFO]: [CHAT] 
[10:05:06] [Client thread/INFO]: [CHAT] 
[10:05:06] [Client thread/INFO]: [CHAT] 
[10:05:06] [Client thread/INFO]: [CHAT] ===================================================
[10:05:06] [Client thread/INFO]: [CHAT] |
[10:05:06] [Client thread/INFO]: [CHAT] §8§l§k|§r 请您按提示完成客户端验证。
[10:05:06] [Client thread/INFO]: [CHAT] |
[10:05:06] [Client thread/INFO]: [CHAT] §8§l§k|§e 点击 §6[这里] §e进行客户端验证。
[10:05:06] [Client thread/INFO]: [CHAT] |
[10:05:06] [Client thread/INFO]: [CHAT] ===================================================
[10:05:06] [Client thread/INFO]: [CHAT] 
[10:05:06] [Client thread/INFO]: [CHAT] 
[10:05:06] [Client thread/INFO]: [CHAT] 
[10:05:06] [Client thread/INFO]: [CHAT] 
[10:05:06] [Client thread/INFO]: [CHAT] 
[10:05:06] [Client thread/INFO]: [CHAT] ===================================================
[10:05:06] [Client thread/INFO]: [CHAT] |
[10:05:06] [Client thread/INFO]: [CHAT] §8§l§k|§r 请您按提示完成客户端验证。
[10:05:06] [Client thread/INFO]: [CHAT] |
[10:05:06] [Client thread/INFO]: [CHAT] §8§l§k|§e 点击 §6[这里] §e进行客户端验证。
[10:05:06] [Client thread/INFO]: [CHAT] |
[10:05:06] [Client thread/INFO]: [CHAT] ===================================================
[10:05:06] [Client thread/INFO]: [CHAT] 
[10:05:06] [Client thread/INFO]: [CHAT] 
[10:05:06] [Client thread/INFO]: [CHAT] 
[10:05:06] [Client thread/INFO]: [CHAT] 
[10:05:06] [Client thread/INFO]: [CHAT] 
[10:05:06] [Client thread/INFO]: [CHAT] ===================================================
[10:05:06] [Client thread/INFO]: [CHAT] |
[10:05:06] [Client thread/INFO]: [CHAT] §8§l§k|§r 请您按提示完成客户端验证。
[10:05:06] [Client thread/INFO]: [CHAT] |
[10:05:06] [Client thread/INFO]: [CHAT] §8§l§k|§e 点击 §6[这里] §e进行客户端验证。
[10:05:06] [Client thread/INFO]: [CHAT] |
[10:05:06] [Client thread/INFO]: [CHAT] ===================================================
[10:05:06] [Client thread/INFO]: [CHAT] 
[10:05:07] [Client thread/INFO]: [CHAT] 
[10:05:07] [Client thread/INFO]: [CHAT] 
[10:05:07] [Client thread/INFO]: [CHAT] 
[10:05:07] [Client thread/INFO]: [CHAT] 
[10:05:07] [Client thread/INFO]: [CHAT] ===================================================
[10:05:07] [Client thread/INFO]: [CHAT] |
[10:05:07] [Client thread/INFO]: [CHAT] §8§l§k|§r 请您按提示完成客户端验证。
[10:05:07] [Client thread/INFO]: [CHAT] |
[10:05:07] [Client thread/INFO]: [CHAT] §8§l§k|§e 点击 §6[这里] §e进行客户端验证。
[10:05:07] [Client thread/INFO]: [CHAT] |
[10:05:07] [Client thread/INFO]: [CHAT] ===================================================
[10:05:07] [Client thread/INFO]: [CHAT] 
[10:05:07] [Client thread/INFO]: [CHAT] 
[10:05:07] [Client thread/INFO]: [CHAT] 
[10:05:07] [Client thread/INFO]: [CHAT] 
[10:05:07] [Client thread/INFO]: [CHAT] 
[10:05:07] [Client thread/INFO]: [CHAT] ===================================================
[10:05:07] [Client thread/INFO]: [CHAT] |
[10:05:07] [Client thread/INFO]: [CHAT] §8§l§k|§r 请您按提示完成客户端验证。
[10:05:07] [Client thread/INFO]: [CHAT] |
[10:05:07] [Client thread/INFO]: [CHAT] §8§l§k|§e 点击 §6[这里] §e进行客户端验证。
[10:05:07] [Client thread/INFO]: [CHAT] |
[10:05:07] [Client thread/INFO]: [CHAT] ===================================================
[10:05:07] [Client thread/INFO]: [CHAT] 
[10:05:07] [Client thread/INFO]: [CHAT] 
[10:05:07] [Client thread/INFO]: [CHAT] 
[10:05:07] [Client thread/INFO]: [CHAT] 
[10:05:07] [Client thread/INFO]: [CHAT] 
[10:05:07] [Client thread/INFO]: [CHAT] ===================================================
[10:05:07] [Client thread/INFO]: [CHAT] |
[10:05:07] [Client thread/INFO]: [CHAT] §8§l§k|§r 请您按提示完成客户端验证。
[10:05:07] [Client thread/INFO]: [CHAT] |
[10:05:07] [Client thread/INFO]: [CHAT] §8§l§k|§e 点击 §6[这里] §e进行客户端验证。
[10:05:07] [Client thread/INFO]: [CHAT] |
[10:05:07] [Client thread/INFO]: [CHAT] ===================================================
[10:05:07] [Client thread/INFO]: [CHAT] 
[10:05:07] [Client thread/INFO]: [CHAT] 
[10:05:07] [Client thread/INFO]: [CHAT] 
[10:05:07] [Client thread/INFO]: [CHAT] 
[10:05:07] [Client thread/INFO]: [CHAT] 
[10:05:07] [Client thread/INFO]: [CHAT] ===================================================
[10:05:07] [Client thread/INFO]: [CHAT] |
[10:05:07] [Client thread/INFO]: [CHAT] §8§l§k|§r 请您按提示完成客户端验证。
[10:05:07] [Client thread/INFO]: [CHAT] |
[10:05:07] [Client thread/INFO]: [CHAT] §8§l§k|§e 点击 §6[这里] §e进行客户端验证。
[10:05:07] [Client thread/INFO]: [CHAT] |
[10:05:07] [Client thread/INFO]: [CHAT] ===================================================
[10:05:07] [Client thread/INFO]: [CHAT] 
[10:05:07] [Client thread/INFO]: [CHAT] 
[10:05:07] [Client thread/INFO]: [CHAT] 
[10:05:07] [Client thread/INFO]: [CHAT] 
[10:05:07] [Client thread/INFO]: [CHAT] 
[10:05:07] [Client thread/INFO]: [CHAT] ===================================================
[10:05:07] [Client thread/INFO]: [CHAT] |
[10:05:07] [Client thread/INFO]: [CHAT] §8§l§k|§r 请您按提示完成客户端验证。
[10:05:07] [Client thread/INFO]: [CHAT] |
[10:05:07] [Client thread/INFO]: [CHAT] §8§l§k|§e 点击 §6[这里] §e进行客户端验证。
[10:05:07] [Client thread/INFO]: [CHAT] |
[10:05:07] [Client thread/INFO]: [CHAT] ===================================================
[10:05:07] [Client thread/INFO]: [CHAT] 
[10:05:07] [Client thread/INFO]: [CHAT] 
[10:05:07] [Client thread/INFO]: [CHAT] 
[10:05:07] [Client thread/INFO]: [CHAT] 
[10:05:07] [Client thread/INFO]: [CHAT] 
[10:05:07] [Client thread/INFO]: [CHAT] ===================================================
[10:05:07] [Client thread/INFO]: [CHAT] |
[10:05:07] [Client thread/INFO]: [CHAT] §8§l§k|§r 请您按提示完成客户端验证。
[10:05:07] [Client thread/INFO]: [CHAT] |
[10:05:07] [Client thread/INFO]: [CHAT] §8§l§k|§e 点击 §6[这里] §e进行客户端验证。
[10:05:07] [Client thread/INFO]: [CHAT] |
[10:05:07] [Client thread/INFO]: [CHAT] ===================================================
[10:05:07] [Client thread/INFO]: [CHAT] 
[10:05:07] [Client thread/INFO]: [CHAT] 
[10:05:07] [Client thread/INFO]: [CHAT] 
[10:05:07] [Client thread/INFO]: [CHAT] 
[10:05:07] [Client thread/INFO]: [CHAT] 
[10:05:07] [Client thread/INFO]: [CHAT] ===================================================
[10:05:07] [Client thread/INFO]: [CHAT] |
[10:05:07] [Client thread/INFO]: [CHAT] §8§l§k|§r 请您按提示完成客户端验证。
[10:05:07] [Client thread/INFO]: [CHAT] |
[10:05:07] [Client thread/INFO]: [CHAT] §8§l§k|§e 点击 §6[这里] §e进行客户端验证。
[10:05:07] [Client thread/INFO]: [CHAT] |
[10:05:07] [Client thread/INFO]: [CHAT] ===================================================
[10:05:07] [Client thread/INFO]: [CHAT] 
[10:05:07] [Client thread/INFO]: [CHAT] 
[10:05:07] [Client thread/INFO]: [CHAT] 
[10:05:07] [Client thread/INFO]: [CHAT] 
[10:05:07] [Client thread/INFO]: [CHAT] 
[10:05:07] [Client thread/INFO]: [CHAT] ===================================================
[10:05:07] [Client thread/INFO]: [CHAT] |
[10:05:07] [Client thread/INFO]: [CHAT] §8§l§k|§r 请您按提示完成客户端验证。
[10:05:07] [Client thread/INFO]: [CHAT] |
[10:05:07] [Client thread/INFO]: [CHAT] §8§l§k|§e 点击 §6[这里] §e进行客户端验证。
[10:05:07] [Client thread/INFO]: [CHAT] |
[10:05:07] [Client thread/INFO]: [CHAT] ===================================================
[10:05:07] [Client thread/INFO]: [CHAT] 
[10:05:09] [Client thread/INFO]: [CHAT] 
[10:05:09] [Client thread/INFO]: [CHAT] 
[10:05:09] [Client thread/INFO]: [CHAT] 
[10:05:09] [Client thread/INFO]: [CHAT] 
[10:05:09] [Client thread/INFO]: [CHAT] 
[10:05:09] [Client thread/INFO]: [CHAT] 
[10:05:09] [Client thread/INFO]: [CHAT] 
[10:05:09] [Client thread/INFO]: [CHAT] 
[10:05:09] [Client thread/INFO]: [CHAT] 
[10:05:09] [Client thread/INFO]: [CHAT] 
[10:05:09] [Client thread/INFO]: [CHAT] 
[10:05:09] [Client thread/INFO]: [CHAT] 
[10:05:09] [Client thread/INFO]: [CHAT] 
[10:05:09] [Client thread/INFO]: [CHAT] 
[10:05:09] [Client thread/INFO]: [CHAT]               验证成功！
[10:05:09] [Client thread/INFO]: [CHAT] 
[10:05:09] [Client thread/INFO]: [CHAT] §e您将在 §65秒 §e后匹配到大厅。
[10:05:09] [Client thread/INFO]: [CHAT] §6在传送前您可以使用命令 §a/gmm 旧密码 新密码 §6进行改密。§7(推荐复制粘贴)
[10:05:14] [Client thread/INFO]: [CHAT] §a正在为您连接至大厅 §7Lobby-1§a。
[10:05:15] [Client thread/FATAL]: Error executing task
java.util.concurrent.ExecutionException: java.lang.NullPointerException
	at java.util.concurrent.FutureTask.report(Unknown Source) ~[?:1.8.0_251]
	at java.util.concurrent.FutureTask.get(Unknown Source) ~[?:1.8.0_251]
	at g.a(SourceFile:45) [1.8.9.jar:?]
	at ave.av(SourceFile:881) [1.8.9.jar:?]
	at ave.a(SourceFile:325) [1.8.9.jar:?]
	at net.minecraft.client.main.Main.main(SourceFile:124) [1.8.9.jar:?]
Caused by: java.lang.NullPointerException
	at auo.d(SourceFile:229) ~[1.8.9.jar:?]
	at bcy.a(SourceFile:1392) ~[1.8.9.jar:?]
	at hr.a(SourceFile:113) ~[1.8.9.jar:?]
	at hr.a(SourceFile:13) ~[1.8.9.jar:?]
	at fh$1.run(SourceFile:13) ~[1.8.9.jar:?]
	at java.util.concurrent.Executors$RunnableAdapter.call(Unknown Source) ~[?:1.8.0_251]
	at java.util.concurrent.FutureTask.run(Unknown Source) ~[?:1.8.0_251]
	at g.a(SourceFile:44) ~[1.8.9.jar:?]
	... 3 more
[10:05:15] [Client thread/FATAL]: Error executing task
java.util.concurrent.ExecutionException: java.lang.NullPointerException
	at java.util.concurrent.FutureTask.report(Unknown Source) ~[?:1.8.0_251]
	at java.util.concurrent.FutureTask.get(Unknown Source) ~[?:1.8.0_251]
	at g.a(SourceFile:45) [1.8.9.jar:?]
	at ave.av(SourceFile:881) [1.8.9.jar:?]
	at ave.a(SourceFile:325) [1.8.9.jar:?]
	at net.minecraft.client.main.Main.main(SourceFile:124) [1.8.9.jar:?]
Caused by: java.lang.NullPointerException
	at auo.d(SourceFile:229) ~[1.8.9.jar:?]
	at bcy.a(SourceFile:1392) ~[1.8.9.jar:?]
	at hr.a(SourceFile:113) ~[1.8.9.jar:?]
	at hr.a(SourceFile:13) ~[1.8.9.jar:?]
	at fh$1.run(SourceFile:13) ~[1.8.9.jar:?]
	at java.util.concurrent.Executors$RunnableAdapter.call(Unknown Source) ~[?:1.8.0_251]
	at java.util.concurrent.FutureTask.run(Unknown Source) ~[?:1.8.0_251]
	at g.a(SourceFile:44) ~[1.8.9.jar:?]
	... 3 more
[10:05:15] [Client thread/INFO]: [CHAT]                                    
[10:05:15] [Client thread/INFO]: [CHAT] 
[10:05:15] [Client thread/INFO]: [CHAT] 欢迎来到 OriginWars 起源战争
[10:05:15] [Client thread/INFO]: [CHAT] 
[10:05:15] [Client thread/INFO]: [CHAT] 客服QQ: 2834647728 [九夏]
[10:05:15] [Client thread/INFO]: [CHAT] §f官方QQ群: §b379464512 §3[点击§r**]
[10:05:15] [Client thread/INFO]: [CHAT] 
[10:05:15] [Client thread/INFO]: [CHAT]                                    
[10:05:20] [Client thread/FATAL]: Error executing task
java.util.concurrent.ExecutionException: java.lang.NullPointerException
	at java.util.concurrent.FutureTask.report(Unknown Source) ~[?:1.8.0_251]
	at java.util.concurrent.FutureTask.get(Unknown Source) ~[?:1.8.0_251]
	at g.a(SourceFile:45) [1.8.9.jar:?]
	at ave.av(SourceFile:881) [1.8.9.jar:?]
	at ave.a(SourceFile:325) [1.8.9.jar:?]
	at net.minecraft.client.main.Main.main(SourceFile:124) [1.8.9.jar:?]
Caused by: java.lang.NullPointerException
	at auo.d(SourceFile:229) ~[1.8.9.jar:?]
	at bcy.a(SourceFile:1392) ~[1.8.9.jar:?]
	at hr.a(SourceFile:113) ~[1.8.9.jar:?]
	at hr.a(SourceFile:13) ~[1.8.9.jar:?]
	at fh$1.run(SourceFile:13) ~[1.8.9.jar:?]
	at java.util.concurrent.Executors$RunnableAdapter.call(Unknown Source) ~[?:1.8.0_251]
	at java.util.concurrent.FutureTask.run(Unknown Source) ~[?:1.8.0_251]
	at g.a(SourceFile:44) ~[1.8.9.jar:?]
	... 3 more
[10:05:26] [Client thread/INFO]: [CHAT] 抱歉, 暂无可用的服务器, 请您稍后再试。
[10:05:36] [Texture Downloader #4/ERROR]: Couldn't download http texture
java.net.ConnectException: Connection timed out: connect
	at java.net.TwoStacksPlainSocketImpl.socketConnect(Native Method) ~[?:1.8.0_251]
	at java.net.AbstractPlainSocketImpl.doConnect(Unknown Source) ~[?:1.8.0_251]
	at java.net.AbstractPlainSocketImpl.connectToAddress(Unknown Source) ~[?:1.8.0_251]
	at java.net.AbstractPlainSocketImpl.connect(Unknown Source) ~[?:1.8.0_251]
	at java.net.PlainSocketImpl.connect(Unknown Source) ~[?:1.8.0_251]
	at java.net.SocksSocketImpl.connect(Unknown Source) ~[?:1.8.0_251]
	at java.net.Socket.connect(Unknown Source) ~[?:1.8.0_251]
	at java.net.Socket.connect(Unknown Source) ~[?:1.8.0_251]
	at sun.net.NetworkClient.doConnect(Unknown Source) ~[?:1.8.0_251]
	at sun.net.www.http.HttpClient.openServer(Unknown Source) ~[?:1.8.0_251]
	at sun.net.www.http.HttpClient.openServer(Unknown Source) ~[?:1.8.0_251]
	at sun.net.www.http.HttpClient.<init>(Unknown Source) ~[?:1.8.0_251]
	at sun.net.www.http.HttpClient.New(Unknown Source) ~[?:1.8.0_251]
	at sun.net.www.http.HttpClient.New(Unknown Source) ~[?:1.8.0_251]
	at sun.net.www.protocol.http.HttpURLConnection.getNewHttpClient(Unknown Source) ~[?:1.8.0_251]
	at sun.net.www.protocol.http.HttpURLConnection.plainConnect0(Unknown Source) ~[?:1.8.0_251]
	at sun.net.www.protocol.http.HttpURLConnection.plainConnect(Unknown Source) ~[?:1.8.0_251]
	at sun.net.www.protocol.http.HttpURLConnection.connect(Unknown Source) ~[?:1.8.0_251]
	at bma$1.run(SourceFile:106) [1.8.9.jar:?]
[10:05:50] [Client thread/INFO]: Connecting to play.mcyc.win, 25565
[10:05:51] [Client thread/INFO]: Connecting to play.mcyc.win, 25565
[10:05:52] [Client thread/INFO]: [CHAT] 
[10:05:52] [Client thread/INFO]: [CHAT] 
[10:05:52] [Client thread/INFO]: [CHAT] 
[10:05:52] [Client thread/INFO]: [CHAT] 
[10:05:52] [Client thread/INFO]: [CHAT] 
[10:05:52] [Client thread/INFO]: [CHAT] 
[10:05:52] [Client thread/INFO]: [CHAT] 
[10:05:52] [Client thread/INFO]: [CHAT] 
[10:05:52] [Client thread/INFO]: [CHAT] 
[10:05:52] [Client thread/INFO]: [CHAT] 
[10:05:52] [Client thread/INFO]: [CHAT] 
[10:05:52] [Client thread/INFO]: [CHAT] 
[10:05:52] [Client thread/INFO]: [CHAT] 
[10:05:52] [Client thread/INFO]: [CHAT] 
[10:05:52] [Client thread/INFO]: [CHAT] 
[10:05:52] [Client thread/INFO]: [CHAT] 
[10:05:52] [Client thread/INFO]: [CHAT] 
[10:05:52] [Client thread/INFO]: [CHAT] 
[10:05:52] [Client thread/INFO]: [CHAT] 
[10:05:52] [Client thread/INFO]: [CHAT] 
[10:05:52] [Client thread/INFO]: [CHAT] 
[10:05:52] [Client thread/INFO]: [CHAT] 
[10:05:52] [Client thread/INFO]: [CHAT] 
[10:05:52] [Client thread/INFO]: [CHAT] 
[10:05:52] [Client thread/INFO]: [CHAT] 
[10:05:52] [Client thread/INFO]: [CHAT] 
[10:05:52] [Client thread/INFO]: [CHAT] 
[10:05:52] [Client thread/INFO]: [CHAT] 
[10:05:52] [Client thread/INFO]: [CHAT] 
[10:05:52] [Client thread/INFO]: [CHAT] 
[10:05:52] [Client thread/INFO]: [CHAT] 
[10:05:52] [Client thread/INFO]: [CHAT] 
[10:05:52] [Client thread/INFO]: [CHAT] 
[10:05:52] [Client thread/INFO]: [CHAT] 
[10:05:52] [Client thread/INFO]: [CHAT] 
[10:05:52] [Client thread/INFO]: [CHAT] 
[10:05:52] [Client thread/INFO]: [CHAT] 
[10:05:52] [Client thread/INFO]: [CHAT] 
[10:05:52] [Client thread/INFO]: [CHAT] 
[10:05:52] [Client thread/INFO]: [CHAT] 
[10:05:52] [Client thread/INFO]: [CHAT] 
[10:05:52] [Client thread/INFO]: [CHAT] 
[10:05:52] [Client thread/INFO]: [CHAT] 
[10:05:52] [Client thread/INFO]: [CHAT] 
[10:05:52] [Client thread/INFO]: [CHAT] 
[10:05:52] [Client thread/INFO]: [CHAT] 
[10:05:52] [Client thread/INFO]: [CHAT] 
[10:05:52] [Client thread/INFO]: [CHAT] 
[10:05:52] [Client thread/INFO]: [CHAT] 
[10:05:52] [Client thread/INFO]: [CHAT] 
[10:05:52] [Client thread/INFO]: [CHAT] 
[10:05:52] [Client thread/INFO]: [CHAT] 
[10:05:52] [Client thread/INFO]: [CHAT] 
[10:05:52] [Client thread/INFO]: [CHAT] 
[10:05:52] [Client thread/INFO]: [CHAT] 
[10:05:52] [Client thread/INFO]: [CHAT] 
[10:05:52] [Client thread/INFO]: [CHAT] 
[10:05:52] [Client thread/INFO]: [CHAT] 
[10:05:52] [Client thread/INFO]: [CHAT] 
[10:05:52] [Client thread/INFO]: [CHAT] 
[10:05:52] [Client thread/INFO]: [CHAT] 
[10:05:52] [Client thread/INFO]: [CHAT] 
[10:05:52] [Client thread/INFO]: [CHAT] 
[10:05:52] [Client thread/INFO]: [CHAT] 
[10:05:52] [Client thread/INFO]: [CHAT] 
[10:05:52] [Client thread/INFO]: [CHAT] 
[10:05:52] [Client thread/INFO]: [CHAT] 
[10:05:52] [Client thread/INFO]: [CHAT] 
[10:05:52] [Client thread/INFO]: [CHAT] 
[10:05:52] [Client thread/INFO]: [CHAT] 
[10:05:52] [Client thread/INFO]: [CHAT] 
[10:05:52] [Client thread/INFO]: [CHAT] 
[10:05:52] [Client thread/INFO]: [CHAT] 
[10:05:52] [Client thread/INFO]: [CHAT] 
[10:05:52] [Client thread/INFO]: [CHAT] 
[10:05:52] [Client thread/INFO]: [CHAT] 
[10:05:52] [Client thread/INFO]: [CHAT] 
[10:05:52] [Client thread/INFO]: [CHAT] 
[10:05:52] [Client thread/INFO]: [CHAT] 
[10:05:52] [Client thread/INFO]: [CHAT] 
[10:05:52] [Client thread/INFO]: [CHAT] 
[10:05:52] [Client thread/INFO]: [CHAT] 
[10:05:52] [Client thread/INFO]: [CHAT] 
[10:05:52] [Client thread/INFO]: [CHAT] 
[10:05:52] [Client thread/INFO]: [CHAT] 
[10:05:52] [Client thread/INFO]: [CHAT] 
[10:05:52] [Client thread/INFO]: [CHAT] 
[10:05:52] [Client thread/INFO]: [CHAT] 
[10:05:52] [Client thread/INFO]: [CHAT] 
[10:05:52] [Client thread/INFO]: [CHAT] 
[10:05:52] [Client thread/INFO]: [CHAT] 
[10:05:52] [Client thread/INFO]: [CHAT] 
[10:05:52] [Client thread/INFO]: [CHAT] 
[10:05:52] [Client thread/INFO]: [CHAT] 
[10:05:52] [Client thread/INFO]: [CHAT] 
[10:05:52] [Client thread/INFO]: [CHAT] 
[10:05:52] [Client thread/INFO]: [CHAT] 
[10:05:52] [Client thread/INFO]: [CHAT] 
[10:05:52] [Client thread/INFO]: [CHAT] 
[10:05:52] [Client thread/INFO]: [CHAT] 
[10:05:52] [Client thread/INFO]: [CHAT] 
[10:05:52] [Client thread/INFO]: [CHAT] 
[10:05:52] [Client thread/INFO]: [CHAT] 
[10:05:52] [Client thread/INFO]: [CHAT] 
[10:05:52] [Client thread/INFO]: [CHAT] 
[10:05:52] [Client thread/INFO]: [CHAT] 
[10:05:52] [Client thread/INFO]: [CHAT] 
[10:05:52] [Client thread/INFO]: [CHAT] 
[10:05:52] [Client thread/INFO]: [CHAT] 
[10:05:52] [Client thread/INFO]: [CHAT] 
[10:05:52] [Client thread/INFO]: [CHAT] 
[10:05:52] [Client thread/INFO]: [CHAT] 
[10:05:52] [Client thread/INFO]: [CHAT] 
[10:05:52] [Client thread/INFO]: [CHAT] 
[10:05:52] [Client thread/INFO]: [CHAT] 
[10:05:52] [Client thread/INFO]: [CHAT] 
[10:05:52] [Client thread/INFO]: [CHAT] 
[10:05:52] [Client thread/INFO]: [CHAT] 
[10:05:52] [Client thread/INFO]: [CHAT] 
[10:05:52] [Client thread/INFO]: [CHAT] 
[10:05:52] [Client thread/INFO]: [CHAT] §3 §6 §3 §6 §3 §6 §e
[10:05:52] [Client thread/INFO]: [CHAT] §0§0§1§2§3§5§e§f
[10:05:52] [Client thread/INFO]: [CHAT] §0§0§c§d§e§f
[10:05:52] [Client thread/INFO]: [CHAT] §3 §9 §2 §0 §0 §2
[10:05:52] [Client thread/INFO]: [CHAT] §3 §9 §2 §0 §0 §1
[10:05:52] [Client thread/INFO]: [CHAT] §3 §9 §2 §0 §0 §3
[10:05:52] [Client thread/INFO]: [CHAT] §0§0§1§e§f
[10:05:52] [Client thread/INFO]: [CHAT] §0§0§2§3§4§5§6§7§e§f
[10:05:52] [Client thread/INFO]: [CHAT] §3 §6 §3 §6 §3 §6 §d
[10:05:52] [Client thread/INFO]: [CHAT] §0§0§1§f§e
[10:05:52] [Client thread/INFO]: [CHAT] §0§0§1§f§e
[10:05:52] [Client thread/INFO]: [CHAT] §0§0§3§4§5§6§7§8§f§e
[10:05:52] [Client thread/INFO]: [CHAT] §0§1§0§1§2§f§f
[10:05:52] [Client thread/INFO]: [CHAT] §0§1§3§4§f§f
[10:05:52] [Client thread/INFO]: [CHAT] §0§1§5§f§f
[10:05:52] [Client thread/INFO]: [CHAT] §0§1§6§f§f
[10:05:52] [Client thread/INFO]: [CHAT] §0§1§7§f§f
[10:05:52] [Client thread/INFO]: [CHAT] §0§1§8§9§a§b§f§f
[10:05:52] [Client thread/INFO]: [CHAT] §0§2§0§0§e§f
[10:05:52] [Client thread/INFO]: [CHAT] §0§2§1§0§e§f
[10:05:52] [Client thread/INFO]: [CHAT] §0§2§1§1§e§f
[10:05:52] [Client thread/INFO]: [CHAT] §f §f §2 §0 §4 §8
[10:05:52] [Client thread/INFO]: [CHAT] §f §f §4 §0 §9 §6
[10:05:52] [Client thread/INFO]: [CHAT] §f §f §1 §0 §2 §4
[10:05:52] [Client thread/INFO]: [CHAT] 
[10:05:52] [Client thread/INFO]: [CHAT] 
[10:05:52] [Client thread/INFO]: [CHAT] 
[10:05:52] [Client thread/INFO]: [CHAT] 
[10:05:52] [Client thread/INFO]: [CHAT] --------------------------------------------------
[10:05:52] [Client thread/INFO]: [CHAT] -欢迎来到 游戏世界 服务器
[10:05:52] [Client thread/INFO]: [CHAT] -按T〔或回车〕输入".l 密码"进行登录
[10:05:52] [Client thread/INFO]: [CHAT] -比如: .l 23366 即可登录! 
[10:05:52] [Client thread/INFO]: [CHAT] -不是/login 而是 .login 密码!
[10:05:52] [Client thread/INFO]: [CHAT] -
[10:05:52] [Client thread/INFO]: [CHAT] -如果显示需要登录,说明该游戏名已在服务器注册
[10:05:52] [Client thread/INFO]: [CHAT] -你可以更改游戏名,请在启动器界面换游戏名注册
[10:05:52] [Client thread/INFO]: [CHAT] -服务器QQ群:904935011 牢记服务器IP地址:play.mcyc.win
[10:05:52] [Client thread/INFO]: [CHAT] --------------------------------------------------
[10:05:55] [Client thread/INFO]: [CHAT] 您需要先通过验证才能聊天！
[10:05:55] [Client thread/INFO]: [CHAT] --------------------------------------------------
[10:05:55] [Client thread/INFO]: [CHAT] -                 登陆成功!
[10:05:55] [Client thread/INFO]: [CHAT] -请不要把游戏密码借给任何人!被盗后果自负!
[10:05:55] [Client thread/INFO]: [CHAT] -请不要把游戏密码借给任何人!被盗后果自负!
[10:05:55] [Client thread/INFO]: [CHAT] -请不要把游戏密码借给任何人!被盗后果自负!
[10:05:55] [Client thread/INFO]: [CHAT] -
[10:05:55] [Client thread/INFO]: [CHAT] -请不要把密码借给任何人!服务器不管盗号问题!
[10:05:55] [Client thread/INFO]: [CHAT] -
[10:05:55] [Client thread/INFO]: [CHAT] -服务器QQ群:904935011 牢记服务器IP地址:play.mcyc.win
[10:05:55] [Client thread/INFO]: [CHAT] --------------------------------------------------
[10:05:55] [Client thread/INFO]: [CHAT] §a点击下面验证哦!
        §6[点击验证]
[10:05:56] [Client thread/INFO]: [CHAT] §a点击下面验证哦!
        §6[点击验证]
[10:06:01] [Client thread/INFO]: [CHAT] 
[10:06:01] [Client thread/INFO]: [CHAT] 
[10:06:01] [Client thread/INFO]: [CHAT] 
[10:06:01] [Client thread/INFO]: [CHAT] 
[10:06:01] [Client thread/INFO]: [CHAT] 
[10:06:01] [Client thread/INFO]: [CHAT] 
[10:06:01] [Client thread/INFO]: [CHAT] 
[10:06:01] [Client thread/INFO]: [CHAT] 
[10:06:01] [Client thread/INFO]: [CHAT] 
[10:06:01] [Client thread/INFO]: [CHAT] 
[10:06:01] [Client thread/INFO]: [CHAT] 
[10:06:01] [Client thread/INFO]: [CHAT] 
[10:06:01] [Client thread/INFO]: [CHAT] 
[10:06:01] [Client thread/INFO]: [CHAT] 
[10:06:01] [Client thread/INFO]: [CHAT] 
[10:06:01] [Client thread/INFO]: [CHAT] 
[10:06:01] [Client thread/INFO]: [CHAT] 
[10:06:01] [Client thread/INFO]: [CHAT] 
[10:06:01] [Client thread/INFO]: [CHAT] 
[10:06:01] [Client thread/INFO]: [CHAT] 
[10:06:01] [Client thread/INFO]: [CHAT] 
[10:06:01] [Client thread/INFO]: [CHAT] 
[10:06:01] [Client thread/INFO]: [CHAT] 
[10:06:01] [Client thread/INFO]: [CHAT] 
[10:06:01] [Client thread/INFO]: [CHAT] 
[10:06:01] [Client thread/INFO]: [CHAT] 
[10:06:01] [Client thread/INFO]: [CHAT] 
[10:06:01] [Client thread/INFO]: [CHAT] 
[10:06:01] [Client thread/INFO]: [CHAT] 
[10:06:01] [Client thread/INFO]: [CHAT] 
[10:06:01] [Client thread/INFO]: [CHAT] 
[10:06:01] [Client thread/INFO]: [CHAT] 
[10:06:01] [Client thread/INFO]: [CHAT] 
[10:06:01] [Client thread/INFO]: [CHAT] 
[10:06:01] [Client thread/INFO]: [CHAT] 
[10:06:01] [Client thread/INFO]: [CHAT] 
[10:06:01] [Client thread/INFO]: [CHAT] 
[10:06:01] [Client thread/INFO]: [CHAT] 
[10:06:01] [Client thread/INFO]: [CHAT] 
[10:06:01] [Client thread/INFO]: [CHAT] 
[10:06:01] [Client thread/INFO]: [CHAT] 
[10:06:01] [Client thread/INFO]: [CHAT] 
[10:06:01] [Client thread/INFO]: [CHAT] 
[10:06:01] [Client thread/INFO]: [CHAT] 
[10:06:01] [Client thread/INFO]: [CHAT] 
[10:06:01] [Client thread/INFO]: [CHAT] 
[10:06:01] [Client thread/INFO]: [CHAT] 
[10:06:01] [Client thread/INFO]: [CHAT] 
[10:06:01] [Client thread/INFO]: [CHAT] 
[10:06:01] [Client thread/INFO]: [CHAT] 
[10:06:01] [Client thread/INFO]: [CHAT] 
[10:06:01] [Client thread/INFO]: [CHAT] 
[10:06:01] [Client thread/INFO]: [CHAT] 
[10:06:01] [Client thread/INFO]: [CHAT] 
[10:06:01] [Client thread/INFO]: [CHAT] 
[10:06:01] [Client thread/INFO]: [CHAT] 
[10:06:01] [Client thread/INFO]: [CHAT] 
[10:06:01] [Client thread/INFO]: [CHAT] 
[10:06:01] [Client thread/INFO]: [CHAT] 
[10:06:01] [Client thread/INFO]: [CHAT] 
[10:06:01] [Client thread/INFO]: [CHAT] 
[10:06:01] [Client thread/INFO]: [CHAT] 
[10:06:01] [Client thread/INFO]: [CHAT] 
[10:06:01] [Client thread/INFO]: [CHAT] 
[10:06:01] [Client thread/INFO]: [CHAT] 
[10:06:01] [Client thread/INFO]: [CHAT] 
[10:06:01] [Client thread/INFO]: [CHAT] 
[10:06:01] [Client thread/INFO]: [CHAT] 
[10:06:01] [Client thread/INFO]: [CHAT] 
[10:06:01] [Client thread/INFO]: [CHAT] 
[10:06:01] [Client thread/INFO]: [CHAT] 
[10:06:01] [Client thread/INFO]: [CHAT] 
[10:06:01] [Client thread/INFO]: [CHAT] 
[10:06:01] [Client thread/INFO]: [CHAT] 
[10:06:01] [Client thread/INFO]: [CHAT] 
[10:06:01] [Client thread/INFO]: [CHAT] 
[10:06:01] [Client thread/INFO]: [CHAT] 
[10:06:01] [Client thread/INFO]: [CHAT] 
[10:06:01] [Client thread/INFO]: [CHAT] 
[10:06:01] [Client thread/INFO]: [CHAT] 
[10:06:01] [Client thread/INFO]: [CHAT] 
[10:06:01] [Client thread/INFO]: [CHAT] 
[10:06:01] [Client thread/INFO]: [CHAT] 
[10:06:01] [Client thread/INFO]: [CHAT] 
[10:06:01] [Client thread/INFO]: [CHAT] 
[10:06:01] [Client thread/INFO]: [CHAT] 
[10:06:01] [Client thread/INFO]: [CHAT] 
[10:06:01] [Client thread/INFO]: [CHAT] 
[10:06:01] [Client thread/INFO]: [CHAT] 
[10:06:01] [Client thread/INFO]: [CHAT] 
[10:06:01] [Client thread/INFO]: [CHAT] 
[10:06:01] [Client thread/INFO]: [CHAT] 
[10:06:01] [Client thread/INFO]: [CHAT] 
[10:06:01] [Client thread/INFO]: [CHAT] 
[10:06:01] [Client thread/INFO]: [CHAT] 
[10:06:01] [Client thread/INFO]: [CHAT] 
[10:06:01] [Client thread/INFO]: [CHAT] 
[10:06:01] [Client thread/INFO]: [CHAT] 
[10:06:01] [Client thread/INFO]: [CHAT] 
[10:06:01] [Client thread/INFO]: [CHAT] 
[10:06:01] [Client thread/INFO]: [CHAT] 
[10:06:01] [Client thread/INFO]: [CHAT] 
[10:06:01] [Client thread/INFO]: [CHAT] 
[10:06:01] [Client thread/INFO]: [CHAT] 
[10:06:01] [Client thread/INFO]: [CHAT] 
[10:06:01] [Client thread/INFO]: [CHAT] 
[10:06:01] [Client thread/INFO]: [CHAT] 
[10:06:01] [Client thread/INFO]: [CHAT] 
[10:06:01] [Client thread/INFO]: [CHAT] 
[10:06:01] [Client thread/INFO]: [CHAT] 
[10:06:01] [Client thread/INFO]: [CHAT] 
[10:06:01] [Client thread/INFO]: [CHAT] 
[10:06:01] [Client thread/INFO]: [CHAT] 
[10:06:01] [Client thread/INFO]: [CHAT] 
[10:06:01] [Client thread/INFO]: [CHAT] 
[10:06:01] [Client thread/INFO]: [CHAT] 
[10:06:01] [Client thread/INFO]: [CHAT] 
[10:06:01] [Client thread/INFO]: [CHAT] 
[10:06:01] [Client thread/INFO]: [CHAT] 
[10:06:01] [Client thread/INFO]: [CHAT] 
[10:06:01] [Client thread/INFO]: [CHAT]        
[10:06:06] [Client thread/WARN]: Unable to play unknown soundEvent: minecraft:none
[10:06:14] [Client thread/INFO]: [CHAT] ∝pTT→魂师GLgele回到游戏世界
[10:06:14] [Client thread/INFO]: [CHAT] ---------------<游戏世界>---------------
[10:06:14] [Client thread/INFO]: [CHAT] - ②  请不要做熊，快乐生活每一天 ing~
[10:06:14] [Client thread/INFO]: [CHAT] - ③  欢迎大家找朋友一起玩耍
[10:06:14] [Client thread/INFO]: [CHAT] - ④  原版多样玩法，体验非一般
[10:06:14] [Client thread/INFO]: [CHAT] - ⑤  RPG时代新玩法
[10:06:14] [Client thread/INFO]: [CHAT] - ⑥  最后祝大家身体健康万事如意！！！づ￣ 3￣)づ
[10:06:14] [Client thread/INFO]: [CHAT] ---------------<By:某服―帝尊>---------------
[10:06:14] [Client thread/INFO]: [CHAT] 你没有新的邮件
[10:06:16] [Client thread/INFO]: [CHAT] 你的等级不够使用这件装备.
[10:06:17] [Client thread/INFO]: [CHAT] [防丢弃] 您现在处于防丢弃状态，请输入命令/drop解除！
[10:06:17] [Client thread/INFO]: [CHAT] [疯狂抽奖]: 想打开这个抽奖箱，你必须手持一把钥匙 混沌抽奖箱 的钥匙 
[10:06:22] [Client thread/INFO]: [CHAT] 你的等级不够使用这件装备.
[10:06:23] [Client thread/INFO]: [CHAT] 你的等级不够使用这件装备.
[10:06:29] [Client thread/INFO]: [CHAT] [AutoShutdown] ″ㄥ冲浜 in 2 minutes ...
[10:06:31] [Client thread/INFO]: [CHAT] 你的等级不够使用这件装备.
[10:06:34] [Client thread/INFO]: [CHAT] 你的等级不够使用这件装备.
[10:06:38] [Client thread/INFO]: [CHAT] 你的等级不够使用这件装备.
[10:06:46] [Client thread/INFO]: [CHAT] 
[10:06:46] [Client thread/INFO]: [CHAT]    游戏世界 r(－_－)q
[10:06:46] [Client thread/INFO]: [CHAT]       在游戏中使用 /report <玩家id> <理由>
[10:06:46] [Client thread/INFO]: [CHAT]       来举报作弊/非法组队/非法装备/RMB交易
[10:06:46] [Client thread/INFO]: [CHAT]       欢迎大家进行举报监督，共创美好的游戏环境~
[10:06:46] [Client thread/INFO]: [CHAT] 
[10:07:04] [Client thread/INFO]: [CHAT] 错误:你没有列出地标的权限.
[10:07:21] [Client thread/INFO]: [CHAT] 你的等级不够使用这件装备.
[10:07:22] [Client thread/INFO]: [CHAT] 你的等级不够使用这件装备.
[10:07:26] [Client thread/INFO]: [CHAT] [疯狂抽奖]: 想打开这个抽奖箱，你必须手持一把钥匙 混沌抽奖箱 的钥匙 
[10:07:26] [Client thread/INFO]: [CHAT] [疯狂抽奖]: 想打开这个抽奖箱，你必须手持一把钥匙 混沌抽奖箱 的钥匙 
[10:07:26] [Client thread/INFO]: [CHAT] [疯狂抽奖]: 想打开这个抽奖箱，你必须手持一把钥匙 混沌抽奖箱 的钥匙 
[10:07:26] [Client thread/INFO]: [CHAT] [疯狂抽奖]: 想打开这个抽奖箱，你必须手持一把钥匙 混沌抽奖箱 的钥匙 
[10:07:29] [Client thread/INFO]: [CHAT] [?] 新的成就: 人类的一大步
[10:07:29] [Client thread/INFO]: [CHAT] [?] 徒步旅行1000米!
[10:07:29] [Client thread/INFO]: [CHAT] [AutoShutdown] ″ㄥ冲浜 in 1 minute...
[10:07:31] [Client thread/INFO]: [CHAT] 你已被治疗
[10:07:33] [Client thread/INFO]: [CHAT] 你已被治疗
[10:07:34] [Client thread/INFO]: [CHAT] ∝pTT→魂师sao_ying_666回到游戏世界
[10:07:34] [Client thread/INFO]: [CHAT] 你已被治疗
[10:07:35] [Client thread/INFO]: [CHAT] 你已被治疗
[10:07:37] [Client thread/INFO]: [CHAT] §6[§a§2§l角斗场§6][§e黑暗剑士]§f[13563897768]: 3
[10:07:43] [Client thread/INFO]: [CHAT] §6[§a童话镇§6][§e守护骑士]§f[gefde]: ?
[10:07:44] [Client thread/INFO]: [CHAT] [AutoShutdown] ″ㄥ冲浜 in 45 seconds ...
[10:07:44] [Client thread/INFO]: [CHAT] §6[§a§2§l角斗场§6][§e黑暗剑士]§f[13563897768]: .
[10:07:48] [Client thread/INFO]: [CHAT] CXK9781 从高处摔了下来
[10:07:53] [Client thread/INFO]: [CHAT] §6[§a§2§l角斗场§6][§e黑暗剑士]§f[13563897768]: 32112123132
[10:07:59] [Client thread/INFO]: [CHAT] [AutoShutdown] ″ㄥ冲浜 in 30 seconds ...
[10:08:09] [Client thread/INFO]: [CHAT] [AutoShutdown] ″ㄥ冲浜 in 20 seconds ...
[10:08:14] [Client thread/INFO]: [CHAT] [AutoShutdown] ″ㄥ冲浜 in 15 seconds ...
[10:08:15] [Client thread/INFO]: [CHAT] [AutoShutdown] ″ㄥ冲浜 in 14 seconds ...
[10:08:16] [Client thread/INFO]: [CHAT] [AutoShutdown] ″ㄥ冲浜 in 13 seconds ...
[10:08:17] [Client thread/INFO]: [CHAT] [AutoShutdown] ″ㄥ冲浜 in 12 seconds ...
[10:08:18] [Client thread/INFO]: [CHAT] [AutoShutdown] ″ㄥ冲浜 in 11 seconds ...
[10:08:19] [Client thread/INFO]: [CHAT] [AutoShutdown] ″ㄥ冲浜 in 10 seconds ...
[10:08:21] [Client thread/INFO]: [CHAT] [AutoShutdown] ″ㄥ冲浜 in 8 seconds ...
[10:08:21] [Client thread/INFO]: [CHAT] [AutoShutdown] ″ㄥ冲浜 in 9 seconds ...
[10:08:22] [Client thread/INFO]: [CHAT] [AutoShutdown] ″ㄥ冲浜 in 7 seconds ...
[10:08:23] [Client thread/INFO]: [CHAT] [AutoShutdown] ″ㄥ冲浜 in 6 seconds ...
[10:08:24] [Client thread/INFO]: [CHAT] [AutoShutdown] ″ㄥ冲浜 in 5 seconds ...
[10:08:25] [Client thread/INFO]: [CHAT] [AutoShutdown] ″ㄥ冲浜 in 4 seconds ...
[10:08:26] [Client thread/INFO]: [CHAT] [AutoShutdown] ″ㄥ冲浜 in 3 seconds ...
[10:08:26] [Client thread/INFO]: [CHAT] 
[10:08:26] [Client thread/INFO]: [CHAT]    游戏世界 (>_<)
[10:08:26] [Client thread/INFO]: [CHAT]       官方不受理任何盗号、改密码事件
[10:08:26] [Client thread/INFO]: [CHAT]       请不要将您的账号借给他人!否则后果自负！
[10:08:26] [Client thread/INFO]: [CHAT] 
[10:08:26] [Client thread/INFO]: [CHAT]       官方举报反顾群:904935011
[10:08:26] [Client thread/INFO]: [CHAT]       服务器微博:https://weibo.com/701553777
[10:08:26] [Client thread/INFO]: [CHAT] 
[10:08:27] [Client thread/INFO]: [CHAT] [AutoShutdown] ″ㄥ冲浜 in 2 seconds ...
[10:08:34] [Client thread/INFO]: [CHAT] [AutoShutdown] ″ㄥ冲浜 NOW!
[10:08:35] [Client thread/INFO]: [CHAT] Acsl left the game.
[10:08:46] [Client thread/INFO]: Connecting to play.mcyc.win, 25565
[10:08:46] [Client thread/INFO]: [CHAT] 
[10:08:46] [Client thread/INFO]: [CHAT] 
[10:08:46] [Client thread/INFO]: [CHAT] 
[10:08:46] [Client thread/INFO]: [CHAT] 
[10:08:46] [Client thread/INFO]: [CHAT] 
[10:08:46] [Client thread/INFO]: [CHAT] 
[10:08:46] [Client thread/INFO]: [CHAT] 
[10:08:46] [Client thread/INFO]: [CHAT] 
[10:08:46] [Client thread/INFO]: [CHAT] 
[10:08:46] [Client thread/INFO]: [CHAT] 
[10:08:46] [Client thread/INFO]: [CHAT] 
[10:08:46] [Client thread/INFO]: [CHAT] 
[10:08:46] [Client thread/INFO]: [CHAT] 
[10:08:46] [Client thread/INFO]: [CHAT] 
[10:08:46] [Client thread/INFO]: [CHAT] 
[10:08:46] [Client thread/INFO]: [CHAT] 
[10:08:46] [Client thread/INFO]: [CHAT] 
[10:08:46] [Client thread/INFO]: [CHAT] 
[10:08:46] [Client thread/INFO]: [CHAT] 
[10:08:46] [Client thread/INFO]: [CHAT] 
[10:08:46] [Client thread/INFO]: [CHAT] 
[10:08:46] [Client thread/INFO]: [CHAT] 
[10:08:46] [Client thread/INFO]: [CHAT] 
[10:08:46] [Client thread/INFO]: [CHAT] 
[10:08:46] [Client thread/INFO]: [CHAT] 
[10:08:46] [Client thread/INFO]: [CHAT] 
[10:08:46] [Client thread/INFO]: [CHAT] 
[10:08:46] [Client thread/INFO]: [CHAT] 
[10:08:46] [Client thread/INFO]: [CHAT] 
[10:08:46] [Client thread/INFO]: [CHAT] 
[10:08:46] [Client thread/INFO]: [CHAT] 
[10:08:46] [Client thread/INFO]: [CHAT] 
[10:08:46] [Client thread/INFO]: [CHAT] 
[10:08:46] [Client thread/INFO]: [CHAT] 
[10:08:46] [Client thread/INFO]: [CHAT] 
[10:08:46] [Client thread/INFO]: [CHAT] 
[10:08:46] [Client thread/INFO]: [CHAT] 
[10:08:46] [Client thread/INFO]: [CHAT] 
[10:08:46] [Client thread/INFO]: [CHAT] 
[10:08:46] [Client thread/INFO]: [CHAT] 
[10:08:46] [Client thread/INFO]: [CHAT] 
[10:08:46] [Client thread/INFO]: [CHAT] 
[10:08:46] [Client thread/INFO]: [CHAT] 
[10:08:46] [Client thread/INFO]: [CHAT] 
[10:08:46] [Client thread/INFO]: [CHAT] 
[10:08:46] [Client thread/INFO]: [CHAT] 
[10:08:46] [Client thread/INFO]: [CHAT] 
[10:08:46] [Client thread/INFO]: [CHAT] 
[10:08:46] [Client thread/INFO]: [CHAT] 
[10:08:46] [Client thread/INFO]: [CHAT] 
[10:08:46] [Client thread/INFO]: [CHAT] 
[10:08:46] [Client thread/INFO]: [CHAT] 
[10:08:46] [Client thread/INFO]: [CHAT] 
[10:08:46] [Client thread/INFO]: [CHAT] 
[10:08:46] [Client thread/INFO]: [CHAT] 
[10:08:46] [Client thread/INFO]: [CHAT] 
[10:08:46] [Client thread/INFO]: [CHAT] 
[10:08:46] [Client thread/INFO]: [CHAT] 
[10:08:46] [Client thread/INFO]: [CHAT] 
[10:08:46] [Client thread/INFO]: [CHAT] 
[10:08:46] [Client thread/INFO]: [CHAT] 
[10:08:46] [Client thread/INFO]: [CHAT] 
[10:08:46] [Client thread/INFO]: [CHAT] 
[10:08:46] [Client thread/INFO]: [CHAT] 
[10:08:46] [Client thread/INFO]: [CHAT] 
[10:08:46] [Client thread/INFO]: [CHAT] 
[10:08:46] [Client thread/INFO]: [CHAT] 
[10:08:46] [Client thread/INFO]: [CHAT] 
[10:08:46] [Client thread/INFO]: [CHAT] 
[10:08:46] [Client thread/INFO]: [CHAT] 
[10:08:46] [Client thread/INFO]: [CHAT] 
[10:08:46] [Client thread/INFO]: [CHAT] 
[10:08:46] [Client thread/INFO]: [CHAT] 
[10:08:46] [Client thread/INFO]: [CHAT] 
[10:08:46] [Client thread/INFO]: [CHAT] 
[10:08:46] [Client thread/INFO]: [CHAT] 
[10:08:46] [Client thread/INFO]: [CHAT] 
[10:08:46] [Client thread/INFO]: [CHAT] 
[10:08:46] [Client thread/INFO]: [CHAT] 
[10:08:46] [Client thread/INFO]: [CHAT] 
[10:08:46] [Client thread/INFO]: [CHAT] 
[10:08:46] [Client thread/INFO]: [CHAT] 
[10:08:46] [Client thread/INFO]: [CHAT] 
[10:08:46] [Client thread/INFO]: [CHAT] 
[10:08:46] [Client thread/INFO]: [CHAT] 
[10:08:46] [Client thread/INFO]: [CHAT] 
[10:08:46] [Client thread/INFO]: [CHAT] 
[10:08:46] [Client thread/INFO]: [CHAT] 
[10:08:46] [Client thread/INFO]: [CHAT] 
[10:08:46] [Client thread/INFO]: [CHAT] 
[10:08:46] [Client thread/INFO]: [CHAT] 
[10:08:46] [Client thread/INFO]: [CHAT] 
[10:08:46] [Client thread/INFO]: [CHAT] 
[10:08:46] [Client thread/INFO]: [CHAT] 
[10:08:46] [Client thread/INFO]: [CHAT] 
[10:08:46] [Client thread/INFO]: [CHAT] 
[10:08:46] [Client thread/INFO]: [CHAT] 
[10:08:46] [Client thread/INFO]: [CHAT] 
[10:08:46] [Client thread/INFO]: [CHAT] 
[10:08:46] [Client thread/INFO]: [CHAT] 
[10:08:46] [Client thread/INFO]: [CHAT] 
[10:08:46] [Client thread/INFO]: [CHAT] 
[10:08:46] [Client thread/INFO]: [CHAT] 
[10:08:46] [Client thread/INFO]: [CHAT] 
[10:08:46] [Client thread/INFO]: [CHAT] 
[10:08:46] [Client thread/INFO]: [CHAT] 
[10:08:46] [Client thread/INFO]: [CHAT] 
[10:08:46] [Client thread/INFO]: [CHAT] 
[10:08:46] [Client thread/INFO]: [CHAT] 
[10:08:46] [Client thread/INFO]: [CHAT] 
[10:08:46] [Client thread/INFO]: [CHAT] 
[10:08:46] [Client thread/INFO]: [CHAT] 
[10:08:46] [Client thread/INFO]: [CHAT] 
[10:08:46] [Client thread/INFO]: [CHAT] 
[10:08:46] [Client thread/INFO]: [CHAT] 
[10:08:46] [Client thread/INFO]: [CHAT] 
[10:08:46] [Client thread/INFO]: [CHAT] 
[10:08:46] [Client thread/INFO]: [CHAT] 
[10:08:46] [Client thread/INFO]: [CHAT] 
[10:08:46] [Client thread/INFO]: [CHAT] 
[10:08:47] [Client thread/INFO]: [CHAT] §3 §6 §3 §6 §3 §6 §e
[10:08:47] [Client thread/INFO]: [CHAT] §0§0§1§2§3§5§e§f
[10:08:47] [Client thread/INFO]: [CHAT] §0§0§c§d§e§f
[10:08:47] [Client thread/INFO]: [CHAT] §3 §9 §2 §0 §0 §2
[10:08:47] [Client thread/INFO]: [CHAT] §3 §9 §2 §0 §0 §1
[10:08:47] [Client thread/INFO]: [CHAT] §3 §9 §2 §0 §0 §3
[10:08:47] [Client thread/INFO]: [CHAT] §0§0§1§e§f
[10:08:47] [Client thread/INFO]: [CHAT] §0§0§2§3§4§5§6§7§e§f
[10:08:47] [Client thread/INFO]: [CHAT] §3 §6 §3 §6 §3 §6 §d
[10:08:47] [Client thread/INFO]: [CHAT] §0§0§1§f§e
[10:08:47] [Client thread/INFO]: [CHAT] §0§0§1§f§e
[10:08:47] [Client thread/INFO]: [CHAT] §0§0§3§4§5§6§7§8§f§e
[10:08:47] [Client thread/INFO]: [CHAT] §0§1§0§1§2§f§f
[10:08:47] [Client thread/INFO]: [CHAT] §0§1§3§4§f§f
[10:08:47] [Client thread/INFO]: [CHAT] §0§1§5§f§f
[10:08:47] [Client thread/INFO]: [CHAT] §0§1§6§f§f
[10:08:47] [Client thread/INFO]: [CHAT] §0§1§7§f§f
[10:08:47] [Client thread/INFO]: [CHAT] §0§1§8§9§a§b§f§f
[10:08:47] [Client thread/INFO]: [CHAT] §0§2§0§0§e§f
[10:08:47] [Client thread/INFO]: [CHAT] §0§2§1§0§e§f
[10:08:47] [Client thread/INFO]: [CHAT] §0§2§1§1§e§f
[10:08:47] [Client thread/INFO]: [CHAT] §f §f §2 §0 §4 §8
[10:08:47] [Client thread/INFO]: [CHAT] §f §f §4 §0 §9 §6
[10:08:47] [Client thread/INFO]: [CHAT] §f §f §1 §0 §2 §4
[10:08:48] [Client thread/INFO]: [CHAT] 
[10:08:48] [Client thread/INFO]: [CHAT] 
[10:08:48] [Client thread/INFO]: [CHAT] 
[10:08:48] [Client thread/INFO]: [CHAT] 
[10:08:48] [Client thread/INFO]: [CHAT] --------------------------------------------------
[10:08:48] [Client thread/INFO]: [CHAT] -欢迎来到 游戏世界 服务器
[10:08:48] [Client thread/INFO]: [CHAT] -按T〔或回车〕输入".l 密码"进行登录
[10:08:48] [Client thread/INFO]: [CHAT] -比如: .l 23366 即可登录! 
[10:08:48] [Client thread/INFO]: [CHAT] -不是/login 而是 .login 密码!
[10:08:48] [Client thread/INFO]: [CHAT] -
[10:08:48] [Client thread/INFO]: [CHAT] -如果显示需要登录,说明该游戏名已在服务器注册
[10:08:48] [Client thread/INFO]: [CHAT] -你可以更改游戏名,请在启动器界面换游戏名注册
[10:08:48] [Client thread/INFO]: [CHAT] -服务器QQ群:904935011 牢记服务器IP地址:play.mcyc.win
[10:08:48] [Client thread/INFO]: [CHAT] --------------------------------------------------
[10:08:49] [Client thread/INFO]: [CHAT] 您需要先通过验证才能聊天！
[10:08:49] [Client thread/INFO]: [CHAT] --------------------------------------------------
[10:08:49] [Client thread/INFO]: [CHAT] -                 登陆成功!
[10:08:49] [Client thread/INFO]: [CHAT] -请不要把游戏密码借给任何人!被盗后果自负!
[10:08:49] [Client thread/INFO]: [CHAT] -请不要把游戏密码借给任何人!被盗后果自负!
[10:08:49] [Client thread/INFO]: [CHAT] -请不要把游戏密码借给任何人!被盗后果自负!
[10:08:49] [Client thread/INFO]: [CHAT] -
[10:08:49] [Client thread/INFO]: [CHAT] -请不要把密码借给任何人!服务器不管盗号问题!
[10:08:49] [Client thread/INFO]: [CHAT] -
[10:08:49] [Client thread/INFO]: [CHAT] -服务器QQ群:904935011 牢记服务器IP地址:play.mcyc.win
[10:08:49] [Client thread/INFO]: [CHAT] --------------------------------------------------
[10:08:50] [Client thread/INFO]: [CHAT] §a点击下面验证哦!
        §6[点击验证]
[10:08:51] [Client thread/INFO]: [CHAT] §a点击下面验证哦!
        §6[点击验证]
[10:08:55] [Client thread/INFO]: [CHAT] 
[10:08:55] [Client thread/INFO]: [CHAT] 
[10:08:55] [Client thread/INFO]: [CHAT] 
[10:08:55] [Client thread/INFO]: [CHAT] 
[10:08:55] [Client thread/INFO]: [CHAT] 
[10:08:55] [Client thread/INFO]: [CHAT] 
[10:08:55] [Client thread/INFO]: [CHAT] 
[10:08:55] [Client thread/INFO]: [CHAT] 
[10:08:55] [Client thread/INFO]: [CHAT] 
[10:08:55] [Client thread/INFO]: [CHAT] 
[10:08:55] [Client thread/INFO]: [CHAT] 
[10:08:55] [Client thread/INFO]: [CHAT] 
[10:08:55] [Client thread/INFO]: [CHAT] 
[10:08:55] [Client thread/INFO]: [CHAT] 
[10:08:55] [Client thread/INFO]: [CHAT] 
[10:08:55] [Client thread/INFO]: [CHAT] 
[10:08:55] [Client thread/INFO]: [CHAT] 
[10:08:55] [Client thread/INFO]: [CHAT] 
[10:08:55] [Client thread/INFO]: [CHAT] 
[10:08:55] [Client thread/INFO]: [CHAT] 
[10:08:55] [Client thread/INFO]: [CHAT] 
[10:08:55] [Client thread/INFO]: [CHAT] 
[10:08:55] [Client thread/INFO]: [CHAT] 
[10:08:55] [Client thread/INFO]: [CHAT] 
[10:08:55] [Client thread/INFO]: [CHAT] 
[10:08:55] [Client thread/INFO]: [CHAT] 
[10:08:55] [Client thread/INFO]: [CHAT] 
[10:08:55] [Client thread/INFO]: [CHAT] 
[10:08:55] [Client thread/INFO]: [CHAT] 
[10:08:55] [Client thread/INFO]: [CHAT] 
[10:08:55] [Client thread/INFO]: [CHAT] 
[10:08:55] [Client thread/INFO]: [CHAT] 
[10:08:55] [Client thread/INFO]: [CHAT] 
[10:08:55] [Client thread/INFO]: [CHAT] 
[10:08:55] [Client thread/INFO]: [CHAT] 
[10:08:55] [Client thread/INFO]: [CHAT] 
[10:08:55] [Client thread/INFO]: [CHAT] 
[10:08:55] [Client thread/INFO]: [CHAT] 
[10:08:55] [Client thread/INFO]: [CHAT] 
[10:08:55] [Client thread/INFO]: [CHAT] 
[10:08:55] [Client thread/INFO]: [CHAT] 
[10:08:55] [Client thread/INFO]: [CHAT] 
[10:08:55] [Client thread/INFO]: [CHAT] 
[10:08:55] [Client thread/INFO]: [CHAT] 
[10:08:55] [Client thread/INFO]: [CHAT] 
[10:08:55] [Client thread/INFO]: [CHAT] 
[10:08:55] [Client thread/INFO]: [CHAT] 
[10:08:55] [Client thread/INFO]: [CHAT] 
[10:08:55] [Client thread/INFO]: [CHAT] 
[10:08:55] [Client thread/INFO]: [CHAT] 
[10:08:55] [Client thread/INFO]: [CHAT] 
[10:08:55] [Client thread/INFO]: [CHAT] 
[10:08:55] [Client thread/INFO]: [CHAT] 
[10:08:55] [Client thread/INFO]: [CHAT] 
[10:08:55] [Client thread/INFO]: [CHAT] 
[10:08:55] [Client thread/INFO]: [CHAT] 
[10:08:55] [Client thread/INFO]: [CHAT] 
[10:08:55] [Client thread/INFO]: [CHAT] 
[10:08:55] [Client thread/INFO]: [CHAT] 
[10:08:55] [Client thread/INFO]: [CHAT] 
[10:08:55] [Client thread/INFO]: [CHAT] 
[10:08:55] [Client thread/INFO]: [CHAT] 
[10:08:55] [Client thread/INFO]: [CHAT] 
[10:08:55] [Client thread/INFO]: [CHAT] 
[10:08:55] [Client thread/INFO]: [CHAT] 
[10:08:55] [Client thread/INFO]: [CHAT] 
[10:08:55] [Client thread/INFO]: [CHAT] 
[10:08:55] [Client thread/INFO]: [CHAT] 
[10:08:55] [Client thread/INFO]: [CHAT] 
[10:08:55] [Client thread/INFO]: [CHAT] 
[10:08:55] [Client thread/INFO]: [CHAT] 
[10:08:55] [Client thread/INFO]: [CHAT] 
[10:08:55] [Client thread/INFO]: [CHAT] 
[10:08:55] [Client thread/INFO]: [CHAT] 
[10:08:55] [Client thread/INFO]: [CHAT] 
[10:08:55] [Client thread/INFO]: [CHAT] 
[10:08:55] [Client thread/INFO]: [CHAT] 
[10:08:55] [Client thread/INFO]: [CHAT] 
[10:08:55] [Client thread/INFO]: [CHAT] 
[10:08:55] [Client thread/INFO]: [CHAT] 
[10:08:55] [Client thread/INFO]: [CHAT] 
[10:08:55] [Client thread/INFO]: [CHAT] 
[10:08:55] [Client thread/INFO]: [CHAT] 
[10:08:55] [Client thread/INFO]: [CHAT] 
[10:08:55] [Client thread/INFO]: [CHAT] 
[10:08:55] [Client thread/INFO]: [CHAT] 
[10:08:55] [Client thread/INFO]: [CHAT] 
[10:08:55] [Client thread/INFO]: [CHAT] 
[10:08:55] [Client thread/INFO]: [CHAT] 
[10:08:55] [Client thread/INFO]: [CHAT] 
[10:08:55] [Client thread/INFO]: [CHAT] 
[10:08:55] [Client thread/INFO]: [CHAT] 
[10:08:55] [Client thread/INFO]: [CHAT] 
[10:08:55] [Client thread/INFO]: [CHAT] 
[10:08:55] [Client thread/INFO]: [CHAT] 
[10:08:55] [Client thread/INFO]: [CHAT] 
[10:08:55] [Client thread/INFO]: [CHAT] 
[10:08:55] [Client thread/INFO]: [CHAT] 
[10:08:55] [Client thread/INFO]: [CHAT] 
[10:08:55] [Client thread/INFO]: [CHAT] 
[10:08:55] [Client thread/INFO]: [CHAT] 
[10:08:55] [Client thread/INFO]: [CHAT] 
[10:08:55] [Client thread/INFO]: [CHAT] 
[10:08:55] [Client thread/INFO]: [CHAT] 
[10:08:55] [Client thread/INFO]: [CHAT] 
[10:08:55] [Client thread/INFO]: [CHAT] 
[10:08:55] [Client thread/INFO]: [CHAT] 
[10:08:55] [Client thread/INFO]: [CHAT] 
[10:08:55] [Client thread/INFO]: [CHAT] 
[10:08:55] [Client thread/INFO]: [CHAT] 
[10:08:55] [Client thread/INFO]: [CHAT] 
[10:08:55] [Client thread/INFO]: [CHAT] 
[10:08:55] [Client thread/INFO]: [CHAT] 
[10:08:55] [Client thread/INFO]: [CHAT] 
[10:08:55] [Client thread/INFO]: [CHAT] 
[10:08:55] [Client thread/INFO]: [CHAT] 
[10:08:55] [Client thread/INFO]: [CHAT] 
[10:08:55] [Client thread/INFO]: [CHAT] 
[10:08:55] [Client thread/INFO]: [CHAT] 
[10:08:55] [Client thread/INFO]: [CHAT] 
[10:08:55] [Client thread/INFO]: [CHAT]        
[10:08:56] [Client thread/INFO]: [CHAT] §d§l征§6§l战§b§l四§c§l方§8[1]§7[§8§l坚韧黑铁II§7]§f#修罗 §6> §7等等
[10:09:02] [Client thread/WARN]: Unable to play unknown soundEvent: minecraft:none
[10:09:03] [Client thread/INFO]: [CHAT] §8[4]§7[§8§l坚韧黑铁I§7]§f13563897768 §6> §7c
[10:09:04] [Client thread/INFO]: [CHAT] §8[3]§7[§8§l坚韧黑铁I§7]§f9966969 §6> §7...
[10:09:06] [Client thread/INFO]: [CHAT] §8[4]§7[§8§l坚韧黑铁I§7]§fgefde §6> §7?
[10:09:09] [Client thread/INFO]: [CHAT] §d§l征§6§l战§b§l四§c§l方§8[1]§7[§8§l坚韧黑铁II§7]§f#修罗 §6> §7没事
[10:09:12] [Client thread/INFO]: [CHAT] §d§l征§6§l战§b§l四§c§l方§8[1]§7[§8§l坚韧黑铁II§7]§f#修罗 §6> §7重启
[10:09:13] [Client thread/WARN]: Unable to play unknown soundEvent: minecraft:none
[10:09:22] [Client thread/WARN]: Unable to play unknown soundEvent: minecraft:none
[10:09:29] [Client thread/INFO]: [CHAT] §8[4]§7[§8§l坚韧黑铁I§7]§f13563897768 §6> §7??????怎么回事
[10:09:32] [Client thread/WARN]: Unable to play unknown soundEvent: minecraft:none
[10:09:41] [Client thread/INFO]: [CHAT] §d§l征§6§l战§b§l四§c§l方§8[1]§7[§8§l坚韧黑铁II§7]§f#修罗 §6> §7重启
[10:09:42] [Client thread/INFO]: [CHAT] §8[4]§7[§8§l坚韧黑铁I§7]§fgefde §6> §7QAQ
[10:09:44] [Client thread/WARN]: Unable to play unknown soundEvent: minecraft:none
[10:09:48] [Client thread/INFO]: [CHAT] §8[4]§7[§8§l坚韧黑铁I§7]§f13563897768 §6> §7好了吗
[10:09:49] [Texture Downloader #7/ERROR]: Couldn't download http texture
java.net.ConnectException: Connection timed out: connect
	at java.net.TwoStacksPlainSocketImpl.socketConnect(Native Method) ~[?:1.8.0_251]
	at java.net.AbstractPlainSocketImpl.doConnect(Unknown Source) ~[?:1.8.0_251]
	at java.net.AbstractPlainSocketImpl.connectToAddress(Unknown Source) ~[?:1.8.0_251]
	at java.net.AbstractPlainSocketImpl.connect(Unknown Source) ~[?:1.8.0_251]
	at java.net.PlainSocketImpl.connect(Unknown Source) ~[?:1.8.0_251]
	at java.net.SocksSocketImpl.connect(Unknown Source) ~[?:1.8.0_251]
	at java.net.Socket.connect(Unknown Source) ~[?:1.8.0_251]
	at java.net.Socket.connect(Unknown Source) ~[?:1.8.0_251]
	at sun.net.NetworkClient.doConnect(Unknown Source) ~[?:1.8.0_251]
	at sun.net.www.http.HttpClient.openServer(Unknown Source) ~[?:1.8.0_251]
	at sun.net.www.http.HttpClient.openServer(Unknown Source) ~[?:1.8.0_251]
	at sun.net.www.http.HttpClient.<init>(Unknown Source) ~[?:1.8.0_251]
	at sun.net.www.http.HttpClient.New(Unknown Source) ~[?:1.8.0_251]
	at sun.net.www.http.HttpClient.New(Unknown Source) ~[?:1.8.0_251]
	at sun.net.www.protocol.http.HttpURLConnection.getNewHttpClient(Unknown Source) ~[?:1.8.0_251]
	at sun.net.www.protocol.http.HttpURLConnection.plainConnect0(Unknown Source) ~[?:1.8.0_251]
	at sun.net.www.protocol.http.HttpURLConnection.plainConnect(Unknown Source) ~[?:1.8.0_251]
	at sun.net.www.protocol.http.HttpURLConnection.connect(Unknown Source) ~[?:1.8.0_251]
	at bma$1.run(SourceFile:106) [1.8.9.jar:?]
[10:09:50] [Client thread/INFO]: [CHAT] §8[3]§7[§8§l坚韧黑铁I§7]§f9966969 §6> §7要多久？
[10:09:56] [Client thread/WARN]: Unable to play unknown soundEvent: minecraft:none
[10:10:06] [Client thread/INFO]: [CHAT] 
[10:10:06] [Client thread/INFO]: [CHAT]    游戏世界 (>_<)
[10:10:06] [Client thread/INFO]: [CHAT]       欢迎来到游戏世界，祝您有一个美好的游戏体验！
[10:10:06] [Client thread/INFO]: [CHAT]       如果有什么不懂的地方，欢迎加入官方群进行讨论
[10:10:06] [Client thread/INFO]: [CHAT]       里面有一群“大佬”在等着你！
[10:10:06] [Client thread/INFO]: [CHAT] 
[10:10:06] [Client thread/INFO]: [CHAT]       服务器QQ群:904935011
[10:10:06] [Client thread/INFO]: [CHAT] 
[10:10:07] [Client thread/INFO]: [CHAT] §c§l[游戏世界-残疾人协会]
[10:10:07] [Client thread/INFO]: [CHAT] §f在过去7天(168小时),一共敲死了 §e555 §f个孤儿~!
[10:10:07] [Client thread/INFO]: [CHAT] §f请各位小阔爱洁身自好,文明游戏,共创美好游戏体验~
[10:10:09] [Client thread/WARN]: Unable to play unknown soundEvent: minecraft:none
[10:10:20] [Client thread/WARN]: Unable to play unknown soundEvent: minecraft:none
[10:10:20] [Client thread/INFO]: [CHAT] §6[§a全服喊话§6] §bMr_FeiQiu §a> §fUHC谁来差4个，要的进队 
[10:10:29] [Client thread/WARN]: Unable to play unknown soundEvent: minecraft:none
[10:10:40] [Client thread/WARN]: Unable to play unknown soundEvent: minecraft:none
[10:10:50] [Client thread/WARN]: Unable to play unknown soundEvent: minecraft:none
[10:10:59] [Client thread/WARN]: Unable to play unknown soundEvent: minecraft:none
[10:11:09] [Client thread/WARN]: Unable to play unknown soundEvent: minecraft:none
[10:11:22] [Client thread/WARN]: Unable to play unknown soundEvent: minecraft:none
[10:11:31] [Client thread/WARN]: Unable to play unknown soundEvent: minecraft:none
[10:11:43] [Client thread/WARN]: Unable to play unknown soundEvent: minecraft:none
[10:11:46] [Client thread/INFO]: [CHAT] 
[10:11:46] [Client thread/INFO]: [CHAT]    游戏世界 F(*∩_∩*)′
[10:11:46] [Client thread/INFO]: [CHAT]       全服喇叭(大厅购买),起床VIP,改名卡,全部半折出售!
[10:11:46] [Client thread/INFO]: [CHAT]       购买之后在主大厅输入/cdk 卡号即可
[10:11:46] [Client thread/INFO]: [CHAT] 
[10:11:46] [Client thread/INFO]: [CHAT]       赞助链接:http://www.52gt.cn/chongzhi.html
[10:11:46] [Client thread/INFO]: [CHAT] 
[10:11:55] [Client thread/WARN]: Unable to play unknown soundEvent: minecraft:none
[10:12:06] [Client thread/WARN]: Unable to play unknown soundEvent: minecraft:none
[10:12:12] [Client thread/INFO]: [CHAT] §6[§a全服喊话§6] §bJello_Daxian §a> §fUHC来人~~~ 
[10:12:14] [Client thread/INFO]: [CHAT] §6[§a全服喊话§6] §bJello_Daxian §a> §fUHC来人~~~ 
[10:12:16] [Client thread/INFO]: [CHAT] §6[§a全服喊话§6] §bJello_Daxian §a> §fUHC来人~~~ 
[10:12:17] [Client thread/WARN]: Unable to play unknown soundEvent: minecraft:none
[10:12:28] [Client thread/WARN]: Unable to play unknown soundEvent: minecraft:none
[10:12:38] [Client thread/INFO]: [CHAT] §6[§a全服喊话§6] §bJello_Daxian §a> §fUHC来人~~~还差俩个开游戏~~~ 
[10:12:40] [Client thread/WARN]: Unable to play unknown soundEvent: minecraft:none
[10:12:51] [Client thread/WARN]: Unable to play unknown soundEvent: minecraft:none
[10:13:01] [Client thread/WARN]: Unable to play unknown soundEvent: minecraft:none
[10:13:10] [Client thread/WARN]: Unable to play unknown soundEvent: minecraft:none
[10:13:16] [Client thread/INFO]: [CHAT] §6[§a全服喊话§6] §bJello_Daxian §a> §fUHC来人~~~还差俩个开游戏~~~ 
[10:13:19] [Client thread/WARN]: Unable to play unknown soundEvent: minecraft:none
[10:13:26] [Client thread/INFO]: [CHAT] 
[10:13:26] [Client thread/INFO]: [CHAT]    游戏世界 ( > c < )
[10:13:26] [Client thread/INFO]: [CHAT]       暑期已至，诚挚邀请你与我们共度清凉一夏,
[10:13:26] [Client thread/INFO]: [CHAT]       带上朋友一起来挑战各个服务器霸主地位,
[10:13:26] [Client thread/INFO]: [CHAT]       亦或是自己拼搏走向人生巅峰,享受游戏乐趣吧
[10:13:26] [Client thread/INFO]: [CHAT] 
[10:13:26] [Client thread/INFO]: [CHAT]       赞助链接:http://www.52gt.cn/chongzhi.html
[10:13:26] [Client thread/INFO]: [CHAT] 
[10:13:29] [Client thread/WARN]: Unable to play unknown soundEvent: minecraft:none
[10:13:40] [Client thread/WARN]: Unable to play unknown soundEvent: minecraft:none
[10:13:49] [Client thread/WARN]: Unable to play unknown soundEvent: minecraft:none
[10:13:59] [Client thread/WARN]: Unable to play unknown soundEvent: minecraft:none
[10:13:59] [Client thread/INFO]: [CHAT] §6[§a全服喊话§6] §bJello_Daxian §a> §fUHC来人~~~还差俩个开游戏~~~ 
[10:14:01] [Client thread/INFO]: [CHAT] ∝pTT→魂师GLgele回到游戏世界
[10:14:01] [Client thread/INFO]: [CHAT] ---------------<游戏世界>---------------
[10:14:01] [Client thread/INFO]: [CHAT] - ②  请不要做熊，快乐生活每一天 ing~
[10:14:01] [Client thread/INFO]: [CHAT] - ③  欢迎大家找朋友一起玩耍
[10:14:01] [Client thread/INFO]: [CHAT] - ④  原版多样玩法，体验非一般
[10:14:01] [Client thread/INFO]: [CHAT] - ⑤  RPG时代新玩法
[10:14:01] [Client thread/INFO]: [CHAT] - ⑥  最后祝大家身体健康万事如意！！！づ￣ 3￣)づ
[10:14:01] [Client thread/INFO]: [CHAT] ---------------<By:某服―帝尊>---------------
[10:14:01] [Client thread/INFO]: [CHAT] 你没有新的邮件
[10:14:01] [Client thread/INFO]: [CHAT] §c全服踢出:§e_huichen_§c,操作者:§e[正式客服]希望,§c原因:§e笑话
[10:14:07] [Client thread/INFO]: [CHAT] ∝pTT→魂师MC_zds回到游戏世界
[10:14:08] [Client thread/INFO]: [CHAT] MC_zds left the game.
[10:14:17] [Client thread/INFO]: [CHAT] ∝pTT→魂师2003426回到游戏世界
[10:14:20] [Client thread/INFO]: [CHAT] [清理系统]地上的掉落物将在 30秒 后清除！
[10:14:22] [Client thread/INFO]: [CHAT] [防丢弃] 丢弃状态切换成功！
[10:14:37] [Client thread/INFO]: [CHAT] §6[§a艾麦伦号§6][§e黑暗剑士]§f[13563897768]: 师傅我还有个号
[10:14:37] [Client thread/INFO]: [CHAT] §6[§a全服喊话§6] §bJello_Daxian §a> §fUHC来人~~~还差俩个开游戏~~~ 
[10:14:39] [Client thread/INFO]: [CHAT] [清理系统]地上的掉落物将在 10秒 后清除！
[10:14:40] [Client thread/INFO]: [CHAT] §6[§a终焉之地§6][§e咒术师]§f[32112123132]: awa
[10:14:42] [Client thread/INFO]: [CHAT] Unknown command. Type "/help" for help.
[10:14:43] [Client thread/INFO]: [CHAT] Unknown command. Type "/help" for help.
[10:14:48] [Client thread/INFO]: [CHAT] §6[§a童话镇§6][§e守护骑士]§f[gefde]: 32112123132 我想拜师
[10:14:49] [Client thread/INFO]: [CHAT] [清理系统]哎哟，这次清理了 4个 垃圾，我感觉自己萌萌哒~
[10:14:51] [Client thread/INFO]: [CHAT] §6[§a童话镇§6][§e守护骑士]§f[gefde]: QAQ
[10:14:52] [Client thread/INFO]: [CHAT] §6[§a终焉之地§6][§e咒术师]§f[32112123132]: ...
[10:14:56] [Client thread/INFO]: [CHAT] Unknown command. Type "/help" for help.
[10:14:58] [Client thread/INFO]: [CHAT] [反作弊]您输入指令的速度太快了，喝杯茶休息几秒吧:)
[10:15:00] [Client thread/INFO]: [CHAT] Unknown command. Type "/help" for help.
[10:15:01] [Client thread/INFO]: [CHAT] §6[§a全服喊话§6] §bJello_Daxian §a> §fUHC来人~~~还差1个开游戏~~~ 
[10:15:03] [Client thread/INFO]: [CHAT] §6[§a终焉之地§6][§e咒术师]§f[32112123132]: 多少级
[10:15:06] [Client thread/INFO]: [CHAT] 
[10:15:06] [Client thread/INFO]: [CHAT]    游戏世界 r(－_－)q
[10:15:06] [Client thread/INFO]: [CHAT]       在游戏中使用 /report <玩家id> <理由>
[10:15:06] [Client thread/INFO]: [CHAT]       来举报作弊/非法组队/非法装备/RMB交易
[10:15:06] [Client thread/INFO]: [CHAT]       欢迎大家进行举报监督，共创美好的游戏环境~
[10:15:06] [Client thread/INFO]: [CHAT] 
[10:15:07] [Client thread/INFO]: [CHAT] §6[§a沉沦帝国§6][§e黑暗剑士]§f[9966969]: me too
[10:15:08] [Client thread/INFO]: [CHAT] 2003426 left the game.
[10:15:10] [Client thread/INFO]: [CHAT] 你已被治疗
[10:15:15] [Client thread/INFO]: [CHAT] §6[§a童话镇§6][§e守护骑士]§f[gefde]: 25
[10:15:18] [Client thread/INFO]: [CHAT] §6[§a童话镇§6][§e守护骑士]§f[gefde]: QAQ
[10:15:18] [Client thread/INFO]: [CHAT] §6[§a终焉之地§6][§e咒术师]§f[32112123132]: ...
[10:15:22] [Client thread/INFO]: [CHAT] ∝pTT→魂师197906762回到游戏世界
[10:15:26] [Client thread/INFO]: [CHAT] §6[§a终焉之地§6][§e咒术师]§f[32112123132]: 先升级
[10:15:33] [Client thread/INFO]: [CHAT] 你已被治疗
[10:15:34] [Client thread/INFO]: [CHAT] 你已被治疗
[10:15:35] [Client thread/INFO]: [CHAT] §6[§a童话镇§6][§e守护骑士]§f[gefde]: 好
[10:15:36] [Client thread/INFO]: [CHAT] §6[§a沉沦帝国§6][§e黑暗剑士]§f[9966969]: 我223级
[10:16:32] [Client thread/INFO]: [CHAT] 197906762 left the game.
[10:16:41] [Client thread/INFO]: [CHAT] 你的等级不够使用这件装备.
[10:16:42] [Client thread/INFO]: [CHAT] 你的等级不够使用这件装备.
[10:16:43] [Client thread/INFO]: [CHAT] 你的等级不够使用这件装备.
[10:16:45] [Client thread/INFO]: [CHAT] 你的等级不够使用这件装备.
[10:16:46] [Client thread/INFO]: [CHAT] 
[10:16:46] [Client thread/INFO]: [CHAT]    游戏世界 (>_<)
[10:16:46] [Client thread/INFO]: [CHAT]       官方不受理任何盗号、改密码事件
[10:16:46] [Client thread/INFO]: [CHAT]       请不要将您的账号借给他人!否则后果自负！
[10:16:46] [Client thread/INFO]: [CHAT] 
[10:16:46] [Client thread/INFO]: [CHAT]       官方举报反顾群:584345662
[10:16:46] [Client thread/INFO]: [CHAT]       服务器微博:https://weibo.com/701553777
[10:16:46] [Client thread/INFO]: [CHAT] 
