[11:52:59] [Render thread/INFO]: Setting user: GLgele
[11:53:00] [Render thread/INFO]: Backend library: LWJGL version 3.2.2 build 10
[11:53:06] [Render thread/INFO]: Narrator library for x64 successfully loaded
[11:53:06] [Render thread/INFO]: Reloading ResourceManager: Default, Programmer Art, 沉梦之渊音效重置2.0.zip, 沉梦之渊材质包-天灾之下DLC（需解压）.zip
[11:53:06] [Render thread/WARN]: ResourcePack: ignored non-lowercase namespace: Don't move in d:\Users\Administrator\Documents\GitHub\DreamBorderX-MC-PVP\.minecraft\versions\1.16.1\resourcepacks\沉梦之渊音效重置2.0.zip
[11:53:06] [Render thread/WARN]: ResourcePack: ignored non-lowercase namespace: Don't move in d:\Users\Administrator\Documents\GitHub\DreamBorderX-MC-PVP\.minecraft\versions\1.16.1\resourcepacks\沉梦之渊材质包-天灾之下DLC（需解压）.zip
[11:53:08] [Worker-Main-12/WARN]: File minecraft:sounds/wrench.ogg does not exist, cannot add it to event minecraft:wrench
[11:53:08] [Worker-Main-12/WARN]: File minecraft:sounds/huhuan.ogg does not exist, cannot add it to event minecraft:huhuan
[11:53:08] [Worker-Main-12/WARN]: File minecraft:sounds/wrench.ogg does not exist, cannot add it to event minecraft:wrench
[11:53:08] [Worker-Main-12/WARN]: File minecraft:sounds/huhuan.ogg does not exist, cannot add it to event minecraft:huhuan
[11:53:13] [Worker-Main-13/WARN]: Unable to resolve texture reference: #missing in minecraft:item/car1
[11:53:13] [Worker-Main-13/WARN]: Unable to resolve texture reference: #missing in minecraft:item/car2
[11:53:14] [Worker-Main-8/ERROR]: Using missing texture, unable to load minecraft:textures/item/zhihe_electric_shock_stick.png : java.io.FileNotFoundException: minecraft:textures/item/zhihe_electric_shock_stick.png
[11:53:14] [Worker-Main-9/ERROR]: Using missing texture, unable to load minecraft:textures/block/sword_tang.png : java.io.FileNotFoundException: minecraft:textures/block/sword_tang.png
[11:53:14] [Worker-Main-12/ERROR]: Using missing texture, unable to load minecraft:textures/block/green_cmd_block.png : java.io.FileNotFoundException: minecraft:textures/block/green_cmd_block.png
[11:53:14] [Worker-Main-13/WARN]: Texture minecraft:item/zi with size 265x141 limits mip level from 4 to 0
[11:53:14] [Worker-Main-13/WARN]: minecraft:textures/atlas/blocks.png: dropping miplevel from 4 to 0, because of minimum power of two: 1
[11:53:15] [Render thread/INFO]: OpenAL initialized.
[11:53:15] [Render thread/INFO]: Sound engine started
[11:53:16] [Render thread/INFO]: Created: 1024x1024x0 minecraft:textures/atlas/blocks.png-atlas
[11:53:16] [Render thread/INFO]: Created: 256x128x4 minecraft:textures/atlas/signs.png-atlas
[11:53:16] [Render thread/INFO]: Created: 1024x512x4 minecraft:textures/atlas/banner_patterns.png-atlas
[11:53:16] [Render thread/INFO]: Created: 1024x512x4 minecraft:textures/atlas/shield_patterns.png-atlas
[11:53:16] [Render thread/INFO]: Created: 256x256x4 minecraft:textures/atlas/chest.png-atlas
[11:53:16] [Render thread/INFO]: Created: 512x256x4 minecraft:textures/atlas/beds.png-atlas
[11:53:16] [Render thread/INFO]: Created: 512x256x4 minecraft:textures/atlas/shulker_boxes.png-atlas
[11:53:18] [Render thread/INFO]: Created: 256x256x0 minecraft:textures/atlas/particles.png-atlas
[11:53:18] [Render thread/INFO]: Created: 512x256x0 minecraft:textures/atlas/paintings.png-atlas
[11:53:18] [Render thread/INFO]: Created: 2048x1024x0 minecraft:textures/atlas/mob_effects.png-atlas
[11:53:44] [Render thread/INFO]: Connecting to dabaiyun.net, 19234
[11:53:45] [Render thread/INFO]: Environment: authHost='https://mcskin.littleservice.cn/api/yggdrasil/authserver', accountsHost='http://127.0.0.1:54038/https/api.mojang.com', sessionHost='http://127.0.0.1:54038/https/sessionserver.mojang.com', name='PROD'
[11:53:46] [Render thread/INFO]: [CHAT] GLgele joined the game
[11:53:46] [Render thread/INFO]: Loaded 189 advancements
[11:55:05] [Render thread/INFO]: [CHAT] giovors joined the game
