[11:44:24] [Render thread/INFO]: Setting user: GLgele
[11:44:24] [Render thread/INFO]: Backend library: LWJGL version 3.2.2 build 10
[11:44:31] [Render thread/INFO]: Narrator library for x64 successfully loaded
[11:44:31] [Render thread/INFO]: Reloading ResourceManager: Default, Programmer Art, 沉梦之渊音效重置2.0.zip, 沉梦之渊材质包-天灾之下DLC（需解压）.zip
[11:44:31] [Render thread/WARN]: ResourcePack: ignored non-lowercase namespace: Don't move in D:\Users\Administrator\Documents\GitHub\DreamBorderX-MC-PVP\.minecraft\versions\1.16.1\resourcepacks\沉梦之渊音效重置2.0.zip
[11:44:31] [Render thread/WARN]: ResourcePack: ignored non-lowercase namespace: Don't move in D:\Users\Administrator\Documents\GitHub\DreamBorderX-MC-PVP\.minecraft\versions\1.16.1\resourcepacks\沉梦之渊材质包-天灾之下DLC（需解压）.zip
[11:44:32] [Worker-Main-14/WARN]: File minecraft:sounds/wrench.ogg does not exist, cannot add it to event minecraft:wrench
[11:44:32] [Worker-Main-14/WARN]: File minecraft:sounds/huhuan.ogg does not exist, cannot add it to event minecraft:huhuan
[11:44:32] [Worker-Main-14/WARN]: File minecraft:sounds/wrench.ogg does not exist, cannot add it to event minecraft:wrench
[11:44:32] [Worker-Main-14/WARN]: File minecraft:sounds/huhuan.ogg does not exist, cannot add it to event minecraft:huhuan
[11:44:37] [Worker-Main-12/WARN]: Unable to resolve texture reference: #missing in minecraft:item/car1
[11:44:37] [Worker-Main-12/WARN]: Unable to resolve texture reference: #missing in minecraft:item/car2
[11:44:37] [Worker-Main-8/ERROR]: Using missing texture, unable to load minecraft:textures/item/zhihe_electric_shock_stick.png : java.io.FileNotFoundException: minecraft:textures/item/zhihe_electric_shock_stick.png
[11:44:37] [Worker-Main-8/ERROR]: Using missing texture, unable to load minecraft:textures/block/sword_tang.png : java.io.FileNotFoundException: minecraft:textures/block/sword_tang.png
[11:44:37] [Worker-Main-8/ERROR]: Using missing texture, unable to load minecraft:textures/block/green_cmd_block.png : java.io.FileNotFoundException: minecraft:textures/block/green_cmd_block.png
[11:44:38] [Worker-Main-12/WARN]: Texture minecraft:item/zi with size 265x141 limits mip level from 4 to 0
[11:44:38] [Worker-Main-12/WARN]: minecraft:textures/atlas/blocks.png: dropping miplevel from 4 to 0, because of minimum power of two: 1
[11:44:38] [Realms Notification Availability checker #1/INFO]: Could not authorize you against Realms server: Invalid session id
[11:44:39] [Render thread/INFO]: OpenAL initialized.
[11:44:39] [Render thread/INFO]: Sound engine started
[11:44:39] [Render thread/INFO]: Created: 1024x1024x0 minecraft:textures/atlas/blocks.png-atlas
[11:44:39] [Render thread/INFO]: Created: 256x128x4 minecraft:textures/atlas/signs.png-atlas
[11:44:39] [Render thread/INFO]: Created: 1024x512x4 minecraft:textures/atlas/banner_patterns.png-atlas
[11:44:39] [Render thread/INFO]: Created: 1024x512x4 minecraft:textures/atlas/shield_patterns.png-atlas
[11:44:39] [Render thread/INFO]: Created: 256x256x4 minecraft:textures/atlas/chest.png-atlas
[11:44:39] [Render thread/INFO]: Created: 512x256x4 minecraft:textures/atlas/beds.png-atlas
[11:44:39] [Render thread/INFO]: Created: 512x256x4 minecraft:textures/atlas/shulker_boxes.png-atlas
[11:44:40] [Render thread/INFO]: Created: 256x256x0 minecraft:textures/atlas/particles.png-atlas
[11:44:40] [Render thread/INFO]: Created: 512x256x0 minecraft:textures/atlas/paintings.png-atlas
[11:44:40] [Render thread/INFO]: Created: 2048x1024x0 minecraft:textures/atlas/mob_effects.png-atlas
[11:45:43] [Render thread/INFO]: Connecting to dabaiyun.net, 19279
[11:45:43] [Render thread/INFO]: Environment: authHost='https://mcskin.littleservice.cn/api/yggdrasil/authserver', accountsHost='http://127.0.0.1:65246/https/api.mojang.com', sessionHost='http://127.0.0.1:65246/https/sessionserver.mojang.com', name='PROD'
[11:45:44] [Render thread/INFO]: [CHAT] GLgele joined the game
[11:45:44] [Render thread/WARN]: Received passengers for unknown entity
[11:45:44] [Render thread/WARN]: Received passengers for unknown entity
[11:45:44] [Render thread/INFO]: Loaded 196 advancements
[11:45:44] [Render thread/INFO]: [CHAT] 请输入/l 密码 来登录游戏 
[11:45:44] [Render thread/INFO]: [CHAT]  如果你从未注册,请换个游戏名!
[11:45:45] [Render thread/WARN]: Unable to play empty soundEvent: minecraft:entity.cod.ambient
[11:45:45] [Render thread/INFO]: [CHAT] <Ratziel> 害怕...
[11:45:47] [Render thread/INFO]: [CHAT] 已成功登录!
[11:45:53] [Render thread/INFO]: Connecting to dabaiyun.net, 19234
[11:45:53] [Render thread/INFO]: Environment: authHost='https://mcskin.littleservice.cn/api/yggdrasil/authserver', accountsHost='http://127.0.0.1:65246/https/api.mojang.com', sessionHost='http://127.0.0.1:65246/https/sessionserver.mojang.com', name='PROD'
[11:45:53] [Render thread/INFO]: [CHAT] GLgele joined the game
[11:45:53] [Render thread/INFO]: Loaded 189 advancements
[11:48:36] [Render thread/INFO]: [CHAT] hy_xiao_ruo_ran_ left the game
[11:48:52] [Render thread/INFO]: [CHAT] hy_xiao_ruo_ran_ joined the game
