[09:35:35] [Render thread/INFO]: Environment: authHost='https://mcskin.littleservice.cn/api/yggdrasil/authserver', accountsHost='http://127.0.0.1:49462/https/api.mojang.com', sessionHost='http://127.0.0.1:49462/https/sessionserver.mojang.com', name='PROD'
[09:35:36] [Render thread/INFO]: Setting user: GLgele
[09:35:36] [Render thread/INFO]: Backend library: LWJGL version 3.2.2 build 10
[09:35:42] [Render thread/INFO]: Narrator library for x64 successfully loaded
[09:35:42] [Render thread/INFO]: Reloading ResourceManager: Default, Programmer Art, 沉梦之渊音效重置2.0.zip, 沉梦之渊材质包-天灾之下DLC（需解压）.zip
[09:35:42] [Render thread/WARN]: ResourcePack: ignored non-lowercase namespace: Don't move in d:\Users\Administrator\Documents\GitHub\DreamBorderX-MC-PVP\.minecraft\versions\1.16.1\resourcepacks\沉梦之渊音效重置2.0.zip
[09:35:42] [Render thread/WARN]: ResourcePack: ignored non-lowercase namespace: Don't move in d:\Users\Administrator\Documents\GitHub\DreamBorderX-MC-PVP\.minecraft\versions\1.16.1\resourcepacks\沉梦之渊材质包-天灾之下DLC（需解压）.zip
[09:35:45] [Worker-Main-10/WARN]: File minecraft:sounds/wrench.ogg does not exist, cannot add it to event minecraft:wrench
[09:35:45] [Worker-Main-10/WARN]: File minecraft:sounds/huhuan.ogg does not exist, cannot add it to event minecraft:huhuan
[09:35:45] [Worker-Main-10/WARN]: File minecraft:sounds/wrench.ogg does not exist, cannot add it to event minecraft:wrench
[09:35:45] [Worker-Main-10/WARN]: File minecraft:sounds/huhuan.ogg does not exist, cannot add it to event minecraft:huhuan
[09:35:49] [Worker-Main-12/WARN]: Unable to resolve texture reference: #missing in minecraft:item/car1
[09:35:49] [Worker-Main-12/WARN]: Unable to resolve texture reference: #missing in minecraft:item/car2
[09:35:49] [Worker-Main-14/ERROR]: Using missing texture, unable to load minecraft:textures/item/zhihe_electric_shock_stick.png : java.io.FileNotFoundException: minecraft:textures/item/zhihe_electric_shock_stick.png
[09:35:49] [Worker-Main-14/ERROR]: Using missing texture, unable to load minecraft:textures/block/sword_tang.png : java.io.FileNotFoundException: minecraft:textures/block/sword_tang.png
[09:35:49] [Worker-Main-8/ERROR]: Using missing texture, unable to load minecraft:textures/block/green_cmd_block.png : java.io.FileNotFoundException: minecraft:textures/block/green_cmd_block.png
[09:35:49] [Worker-Main-12/WARN]: Texture minecraft:item/zi with size 265x141 limits mip level from 4 to 0
[09:35:49] [Worker-Main-12/WARN]: minecraft:textures/atlas/blocks.png: dropping miplevel from 4 to 0, because of minimum power of two: 1
[09:35:50] [Render thread/INFO]: OpenAL initialized.
[09:35:50] [Render thread/INFO]: Sound engine started
[09:35:51] [Render thread/INFO]: Created: 1024x1024x0 minecraft:textures/atlas/blocks.png-atlas
[09:35:51] [Render thread/INFO]: Created: 256x128x4 minecraft:textures/atlas/signs.png-atlas
[09:35:51] [Render thread/INFO]: Created: 1024x512x4 minecraft:textures/atlas/banner_patterns.png-atlas
[09:35:51] [Render thread/INFO]: Created: 1024x512x4 minecraft:textures/atlas/shield_patterns.png-atlas
[09:35:51] [Render thread/INFO]: Created: 256x256x4 minecraft:textures/atlas/chest.png-atlas
[09:35:51] [Render thread/INFO]: Created: 512x256x4 minecraft:textures/atlas/beds.png-atlas
[09:35:51] [Render thread/INFO]: Created: 512x256x4 minecraft:textures/atlas/shulker_boxes.png-atlas
[09:35:52] [Render thread/INFO]: Created: 256x256x0 minecraft:textures/atlas/particles.png-atlas
[09:35:52] [Render thread/INFO]: Created: 512x256x0 minecraft:textures/atlas/paintings.png-atlas
[09:35:52] [Render thread/INFO]: Created: 2048x1024x0 minecraft:textures/atlas/mob_effects.png-atlas
[09:37:09] [Render thread/INFO]: Connecting to dabaiyun.net, 19234
[09:37:09] [Render thread/INFO]: Environment: authHost='https://mcskin.littleservice.cn/api/yggdrasil/authserver', accountsHost='http://127.0.0.1:49462/https/api.mojang.com', sessionHost='http://127.0.0.1:49462/https/sessionserver.mojang.com', name='PROD'
[09:37:10] [Render thread/INFO]: [CHAT] GLgele joined the game
[09:37:10] [Render thread/INFO]: Loaded 227 advancements
[09:37:15] [Render thread/INFO]: Connecting to cn-sq-bgp.sakurafrp.com, 47271
[09:37:19] [Render thread/INFO]: Connecting to dabaiyun.net, 19234
[09:37:19] [Render thread/INFO]: Environment: authHost='https://mcskin.littleservice.cn/api/yggdrasil/authserver', accountsHost='http://127.0.0.1:49462/https/api.mojang.com', sessionHost='http://127.0.0.1:49462/https/sessionserver.mojang.com', name='PROD'
[09:37:20] [Render thread/INFO]: [CHAT] GLgele joined the game
[09:37:20] [Render thread/INFO]: Loaded 227 advancements
[09:37:37] [Render thread/INFO]: [CHAT] chyujue joined the game
[09:37:46] [Render thread/INFO]: [CHAT] chyujue left the game
[09:38:05] [Render thread/INFO]: [CHAT] §e已返回大厅
[09:38:18] [Render thread/INFO]: [CHAT] §n游戏人数不足，建议人数5-9位
[09:38:18] [Render thread/INFO]: [CHAT] §n游戏人数不足，建议人数5-9位
[09:38:20] [Render thread/INFO]: [CHAT] <骷髅躯体> GLgele ！ 还给我...
[09:40:26] [Render thread/INFO]: [CHAT] §n游戏人数不足，建议人数5-9位
[09:40:26] [Render thread/INFO]: [CHAT] §n游戏人数不足，建议人数5-9位
[09:40:31] [Render thread/INFO]: [CHAT] §n游戏人数不足，建议人数5-9位
[09:40:32] [Render thread/INFO]: [CHAT] §n游戏人数不足，建议人数5-9位
[09:40:32] [Render thread/INFO]: [CHAT] §n游戏人数不足，建议人数5-9位
