[13:32:30] [Render thread/INFO]: Setting user: GLgele
[13:32:31] [Render thread/INFO]: Backend library: LWJGL version 3.2.2 build 10
[13:32:53] [Render thread/INFO]: Narrator library for x86 successfully loaded
[13:32:55] [Render thread/INFO]: Reloading ResourceManager: Default, Programmer Art, 沉梦之渊音效重置2.0.zip, 沉梦之渊材质包-天灾之下DLC（需解压）.zip
[13:32:55] [Render thread/WARN]: ResourcePack: ignored non-lowercase namespace: Don't move in D:\code\Github\DreamBorderX-MC-PVP\.minecraft\versions\1.16.1\resourcepacks\沉梦之渊音效重置2.0.zip
[13:32:55] [Render thread/WARN]: ResourcePack: ignored non-lowercase namespace: Don't move in D:\code\Github\DreamBorderX-MC-PVP\.minecraft\versions\1.16.1\resourcepacks\沉梦之渊材质包-天灾之下DLC（需解压）.zip
[13:32:56] [Worker-Main-4/WARN]: File minecraft:sounds/wrench.ogg does not exist, cannot add it to event minecraft:wrench
[13:32:56] [Worker-Main-4/WARN]: File minecraft:sounds/huhuan.ogg does not exist, cannot add it to event minecraft:huhuan
[13:32:56] [Worker-Main-4/WARN]: File minecraft:sounds/wrench.ogg does not exist, cannot add it to event minecraft:wrench
[13:32:56] [Worker-Main-4/WARN]: File minecraft:sounds/huhuan.ogg does not exist, cannot add it to event minecraft:huhuan
[13:33:01] [Realms Notification Availability checker #1/INFO]: Could not authorize you against Realms server: Invalid session id
[13:33:03] [Worker-Main-6/WARN]: Unable to resolve texture reference: #missing in minecraft:item/car1
[13:33:03] [Worker-Main-6/WARN]: Unable to resolve texture reference: #missing in minecraft:item/car2
[13:33:03] [Worker-Main-5/ERROR]: Using missing texture, unable to load minecraft:textures/item/zhihe_electric_shock_stick.png : java.io.FileNotFoundException: minecraft:textures/item/zhihe_electric_shock_stick.png
[13:33:03] [Worker-Main-5/ERROR]: Using missing texture, unable to load minecraft:textures/block/sword_tang.png : java.io.FileNotFoundException: minecraft:textures/block/sword_tang.png
[13:33:03] [Worker-Main-4/ERROR]: Using missing texture, unable to load minecraft:textures/block/green_cmd_block.png : java.io.FileNotFoundException: minecraft:textures/block/green_cmd_block.png
[13:33:04] [Worker-Main-6/WARN]: Texture minecraft:item/zi with size 265x141 limits mip level from 4 to 0
[13:33:04] [Worker-Main-6/WARN]: minecraft:textures/atlas/blocks.png: dropping miplevel from 4 to 0, because of minimum power of two: 1
[13:33:06] [Render thread/INFO]: OpenAL initialized.
[13:33:06] [Render thread/INFO]: Sound engine started
[13:33:07] [Render thread/INFO]: Created: 1024x1024x0 minecraft:textures/atlas/blocks.png-atlas
[13:33:07] [Render thread/INFO]: Created: 256x128x4 minecraft:textures/atlas/signs.png-atlas
[13:33:07] [Render thread/INFO]: Created: 1024x512x4 minecraft:textures/atlas/banner_patterns.png-atlas
[13:33:07] [Render thread/INFO]: Created: 1024x512x4 minecraft:textures/atlas/shield_patterns.png-atlas
[13:33:07] [Render thread/INFO]: Created: 256x256x4 minecraft:textures/atlas/chest.png-atlas
[13:33:07] [Render thread/INFO]: Created: 512x256x4 minecraft:textures/atlas/beds.png-atlas
[13:33:07] [Render thread/INFO]: Created: 512x256x4 minecraft:textures/atlas/shulker_boxes.png-atlas
[13:33:11] [Render thread/INFO]: Created: 256x256x0 minecraft:textures/atlas/particles.png-atlas
[13:33:11] [Render thread/INFO]: Created: 512x256x0 minecraft:textures/atlas/paintings.png-atlas
[13:33:11] [Render thread/INFO]: Created: 2048x1024x0 minecraft:textures/atlas/mob_effects.png-atlas
[13:33:21] [Render thread/WARN]: Ambiguity between arguments [teleport, destination] and [teleport, targets] with inputs: [Player, 0123, @e, dd12be42-52a9-4a91-a8a1-11c01849e498]
[13:33:21] [Render thread/WARN]: Ambiguity between arguments [teleport, location] and [teleport, destination] with inputs: [0.1 -0.5 .9, 0 0 0]
[13:33:21] [Render thread/WARN]: Ambiguity between arguments [teleport, location] and [teleport, targets] with inputs: [0.1 -0.5 .9, 0 0 0]
[13:33:21] [Render thread/WARN]: Ambiguity between arguments [teleport, targets] and [teleport, destination] with inputs: [Player, 0123, dd12be42-52a9-4a91-a8a1-11c01849e498]
[13:33:21] [Render thread/WARN]: Ambiguity between arguments [teleport, targets, location] and [teleport, targets, destination] with inputs: [0.1 -0.5 .9, 0 0 0]
[13:33:21] [Render thread/INFO]: Reloading ResourceManager: Default, cmzy
[13:33:23] [Render thread/INFO]: Loaded 7 recipes
[13:33:24] [Render thread/INFO]: Loaded 964 advancements
[13:33:27] [Render thread/INFO]: Environment: authHost='https://mcskin.littleservice.cn/api/yggdrasil/authserver', accountsHost='http://127.0.0.1:50259/https/api.mojang.com', sessionHost='http://127.0.0.1:50259/https/sessionserver.mojang.com', name='PROD'
[13:33:27] [Server thread/INFO]: Starting integrated minecraft server version 1.16.1
[13:33:27] [Server thread/INFO]: Generating keypair
[13:33:28] [Server thread/INFO]: Preparing start region for dimension minecraft:overworld
[13:33:37] [Render thread/INFO]: 准备生成区域中：0%
[13:33:37] [Render thread/INFO]: 准备生成区域中：0%
[13:33:37] [Render thread/INFO]: 准备生成区域中：0%
[13:33:37] [Render thread/INFO]: 准备生成区域中：0%
[13:33:37] [Render thread/INFO]: 准备生成区域中：0%
[13:33:37] [Render thread/INFO]: 准备生成区域中：0%
[13:33:37] [Render thread/INFO]: 准备生成区域中：0%
[13:33:37] [Render thread/INFO]: 准备生成区域中：0%
[13:33:37] [Render thread/INFO]: 准备生成区域中：0%
[13:33:37] [Render thread/INFO]: 准备生成区域中：0%
[13:33:37] [Render thread/INFO]: 准备生成区域中：0%
[13:33:37] [Render thread/INFO]: 准备生成区域中：0%
[13:33:37] [Render thread/INFO]: 准备生成区域中：0%
[13:33:37] [Render thread/INFO]: 准备生成区域中：0%
[13:33:37] [Render thread/INFO]: 准备生成区域中：0%
[13:33:37] [Render thread/INFO]: 准备生成区域中：0%
[13:33:37] [Render thread/INFO]: 准备生成区域中：0%
[13:33:37] [Render thread/INFO]: 准备生成区域中：0%
[13:33:37] [Render thread/INFO]: 准备生成区域中：0%
[13:33:37] [Render thread/INFO]: 准备生成区域中：0%
[13:33:38] [Render thread/INFO]: 准备生成区域中：83%
[13:33:39] [Render thread/INFO]: Time elapsed: 10856 ms
[13:33:39] [Server thread/INFO]: Changing view distance to 11, from 10
[13:33:39] [Server thread/INFO]: GLgele[local:E:a949c93f] logged in with entity id 189 at (0.4385063053924138, 233.0, 2.4722773239480564)
[13:33:39] [Server thread/INFO]: GLgele加入了游戏
[13:33:40] [Server thread/INFO]: Saving and pausing game...
[13:33:40] [Server thread/INFO]: Saving chunks for level 'ServerLevel[§k-§c§l沉梦之渊§r--§6GoldenEggs§r§k-]'/minecraft:overworld
[13:33:41] [Server thread/INFO]: Saving chunks for level 'ServerLevel[§k-§c§l沉梦之渊§r--§6GoldenEggs§r§k-]'/minecraft:the_nether
[13:33:41] [Server thread/INFO]: Saving chunks for level 'ServerLevel[§k-§c§l沉梦之渊§r--§6GoldenEggs§r§k-]'/minecraft:the_end
[13:33:41] [Server thread/WARN]: Can't keep up! Is the server overloaded? Running 2500ms or 50 ticks behind
[13:33:42] [Render thread/INFO]: Loaded 26 advancements
[13:33:48] [Server thread/INFO]: Saving and pausing game...
[13:33:48] [Server thread/INFO]: Saving chunks for level 'ServerLevel[§k-§c§l沉梦之渊§r--§6GoldenEggs§r§k-]'/minecraft:overworld
[13:33:48] [Server thread/INFO]: Saving chunks for level 'ServerLevel[§k-§c§l沉梦之渊§r--§6GoldenEggs§r§k-]'/minecraft:the_nether
[13:33:48] [Server thread/INFO]: Saving chunks for level 'ServerLevel[§k-§c§l沉梦之渊§r--§6GoldenEggs§r§k-]'/minecraft:the_end
[13:34:06] [Server thread/INFO]: Saving and pausing game...
[13:34:06] [Server thread/INFO]: Saving chunks for level 'ServerLevel[§k-§c§l沉梦之渊§r--§6GoldenEggs§r§k-]'/minecraft:overworld
[13:34:06] [Server thread/INFO]: Saving chunks for level 'ServerLevel[§k-§c§l沉梦之渊§r--§6GoldenEggs§r§k-]'/minecraft:the_nether
[13:34:06] [Server thread/INFO]: Saving chunks for level 'ServerLevel[§k-§c§l沉梦之渊§r--§6GoldenEggs§r§k-]'/minecraft:the_end
[13:34:15] [Server thread/WARN]: Can't keep up! Is the server overloaded? Running 2219ms or 44 ticks behind
[13:34:22] [Render thread/INFO]: [CHAT] §n游戏人数不足，建议人数5-9位
[13:34:36] [Server thread/INFO]: [GLgele: 已执行函数cmzy:debug/be_watched中的1条命令]
[13:34:51] [Server thread/INFO]: [GLgele: 已执行函数cmzy:debug/start_two中的4条命令]
[13:34:51] [Render thread/INFO]: [CHAT] §n游戏人数不足，建议人数5-9位
[13:34:53] [Server thread/INFO]: [GLgele: 已执行函数cmzy:debug/start中的245条命令]
[13:34:53] [Render thread/INFO]: [CHAT] 晚安
[13:35:01] [Render thread/INFO]: [CHAT] 
[13:35:01] [Render thread/INFO]: [CHAT] 
[13:35:01] [Render thread/INFO]: [CHAT] 
[13:35:01] [Render thread/INFO]: [CHAT] 
[13:35:01] [Render thread/INFO]: [CHAT] 
[13:35:01] [Render thread/INFO]: [CHAT] 
[13:35:01] [Render thread/INFO]: [CHAT] 
[13:35:01] [Render thread/INFO]: [CHAT] 
[13:35:01] [Render thread/INFO]: [CHAT] 
[13:35:01] [Render thread/INFO]: [CHAT] 
[13:35:01] [Render thread/INFO]: [CHAT] 
[13:35:01] [Render thread/INFO]: [CHAT] [提示]:由于在游戏中途退出或者在游戏之后加入，暂时无法进行游戏，请耐心等待本次游戏结束
[13:35:17] [Server thread/INFO]: [GLgele: 你的游戏模式已被设置为创造模式 ]
[13:35:17] [Render thread/INFO]: [CHAT] [提示]:由于在游戏中途退出或者在游戏之后加入，暂时无法进行游戏，请耐心等待本次游戏结束
[13:35:33] [Render thread/INFO]: [CHAT] 保护者制止了杀手
[13:35:33] [Render thread/INFO]: [CHAT] A逃生者阵营获得10点积分A
[13:35:37] [Server thread/INFO]: Saving and pausing game...
[13:35:37] [Server thread/INFO]: Saving chunks for level 'ServerLevel[§k-§c§l沉梦之渊§r--§6GoldenEggs§r§k-]'/minecraft:overworld
[13:35:38] [Server thread/INFO]: Saving chunks for level 'ServerLevel[§k-§c§l沉梦之渊§r--§6GoldenEggs§r§k-]'/minecraft:the_nether
[13:35:38] [Server thread/INFO]: Saving chunks for level 'ServerLevel[§k-§c§l沉梦之渊§r--§6GoldenEggs§r§k-]'/minecraft:the_end
[13:35:43] [Server thread/INFO]: Saving and pausing game...
[13:35:43] [Server thread/INFO]: Saving chunks for level 'ServerLevel[§k-§c§l沉梦之渊§r--§6GoldenEggs§r§k-]'/minecraft:overworld
[13:35:44] [Server thread/INFO]: Saving chunks for level 'ServerLevel[§k-§c§l沉梦之渊§r--§6GoldenEggs§r§k-]'/minecraft:the_nether
[13:35:44] [Server thread/INFO]: Saving chunks for level 'ServerLevel[§k-§c§l沉梦之渊§r--§6GoldenEggs§r§k-]'/minecraft:the_end
[13:35:46] [Render thread/INFO]: [CHAT] §e检测到杀手暂离游戏，游戏结束。
[13:35:46] [Render thread/INFO]: [CHAT] ■■■■■■■■■■■■■■■■■■■■■■■■■■■■■■■■■■■■■■■■■■■■■■■■■■■■■■■■■
[13:35:46] [Render thread/INFO]: [CHAT] §6   ---------------------   §c§l梦境熄灭§6   ---------------------
[13:35:46] [Render thread/INFO]: [CHAT]     清醒：个人胜利！
[13:35:46] [Render thread/INFO]: [CHAT] 杀手胜利！\n沉睡在深渊里！
[13:35:46] [Render thread/INFO]: [CHAT] ■■■■■■■■■■■■■■■■■■■■■■■■■■■■■■■■■■■■■■■■■■■■■■■■■■■■■■■■■
[13:35:59] [Server thread/INFO]: Saving and pausing game...
[13:35:59] [Server thread/INFO]: Saving chunks for level 'ServerLevel[§k-§c§l沉梦之渊§r--§6GoldenEggs§r§k-]'/minecraft:overworld
[13:35:59] [Server thread/INFO]: Saving chunks for level 'ServerLevel[§k-§c§l沉梦之渊§r--§6GoldenEggs§r§k-]'/minecraft:the_nether
[13:35:59] [Server thread/INFO]: Saving chunks for level 'ServerLevel[§k-§c§l沉梦之渊§r--§6GoldenEggs§r§k-]'/minecraft:the_end
[13:36:03] [Server thread/INFO]: Saving and pausing game...
[13:36:03] [Server thread/INFO]: Saving chunks for level 'ServerLevel[§k-§c§l沉梦之渊§r--§6GoldenEggs§r§k-]'/minecraft:overworld
[13:36:04] [Server thread/INFO]: Saving chunks for level 'ServerLevel[§k-§c§l沉梦之渊§r--§6GoldenEggs§r§k-]'/minecraft:the_nether
[13:36:04] [Server thread/INFO]: Saving chunks for level 'ServerLevel[§k-§c§l沉梦之渊§r--§6GoldenEggs§r§k-]'/minecraft:the_end
[13:36:04] [Server thread/INFO]: GLgele lost connection: 连接中止
[13:36:04] [Server thread/INFO]: GLgele退出了游戏
[13:36:04] [Server thread/INFO]: Stopping singleplayer server as player logged out
[13:36:04] [Server thread/INFO]: Stopping server
[13:36:04] [Server thread/INFO]: Saving players
[13:36:04] [Server thread/INFO]: Saving worlds
[13:36:04] [Server thread/INFO]: Saving chunks for level 'ServerLevel[§k-§c§l沉梦之渊§r--§6GoldenEggs§r§k-]'/minecraft:overworld
[13:36:04] [Server thread/INFO]: ThreadedAnvilChunkStorage (NightmareAbyss): All chunks are saved
[13:36:04] [Server thread/INFO]: Saving chunks for level 'ServerLevel[§k-§c§l沉梦之渊§r--§6GoldenEggs§r§k-]'/minecraft:the_nether
[13:36:04] [Server thread/INFO]: ThreadedAnvilChunkStorage (DIM-1): All chunks are saved
[13:36:04] [Server thread/INFO]: Saving chunks for level 'ServerLevel[§k-§c§l沉梦之渊§r--§6GoldenEggs§r§k-]'/minecraft:the_end
[13:36:04] [Server thread/INFO]: ThreadedAnvilChunkStorage (DIM1): All chunks are saved
[13:36:04] [Server thread/INFO]: ThreadedAnvilChunkStorage (NightmareAbyss): All chunks are saved
[13:36:04] [Server thread/INFO]: ThreadedAnvilChunkStorage (DIM-1): All chunks are saved
[13:36:04] [Server thread/INFO]: ThreadedAnvilChunkStorage (DIM1): All chunks are saved
[13:36:05] [Render thread/INFO]: Stopping!
