[14:01:01] [Render thread/INFO]: Environment: authHost='https://mcskin.littleservice.cn/api/yggdrasil/authserver', accountsHost='http://127.0.0.1:59933/https/api.mojang.com', sessionHost='http://127.0.0.1:59933/https/sessionserver.mojang.com', name='PROD'
[14:01:01] [Render thread/INFO]: Setting user: gele178
[14:01:02] [Render thread/INFO]: Backend library: LWJGL version 3.2.2 build 10
[14:01:13] [Render thread/INFO]: Narrator library for x86 successfully loaded
[14:01:13] [Render thread/INFO]: Reloading ResourceManager: Default, Programmer Art, Dream-HELL
[14:01:18] [Realms Notification Availability checker #1/INFO]: Could not authorize you against Realms server: Invalid session id
[14:01:24] [Render thread/INFO]: OpenAL initialized.
[14:01:24] [Render thread/INFO]: Sound engine started
[14:01:26] [Render thread/INFO]: Created: 1024x1024x4 minecraft:textures/atlas/blocks.png-atlas
[14:01:26] [Render thread/INFO]: Created: 256x128x4 minecraft:textures/atlas/signs.png-atlas
[14:01:26] [Render thread/INFO]: Created: 1024x512x4 minecraft:textures/atlas/banner_patterns.png-atlas
[14:01:26] [Render thread/INFO]: Created: 1024x512x4 minecraft:textures/atlas/shield_patterns.png-atlas
[14:01:26] [Render thread/INFO]: Created: 256x256x4 minecraft:textures/atlas/chest.png-atlas
[14:01:26] [Render thread/INFO]: Created: 512x256x4 minecraft:textures/atlas/beds.png-atlas
[14:01:26] [Render thread/INFO]: Created: 512x256x4 minecraft:textures/atlas/shulker_boxes.png-atlas
[14:01:29] [Render thread/INFO]: Created: 256x256x0 minecraft:textures/atlas/particles.png-atlas
[14:01:29] [Render thread/INFO]: Created: 256x256x0 minecraft:textures/atlas/paintings.png-atlas
[14:01:29] [Render thread/INFO]: Created: 256x128x0 minecraft:textures/atlas/mob_effects.png-atlas
[14:01:42] [Render thread/WARN]: Ambiguity between arguments [teleport, destination] and [teleport, targets] with inputs: [Player, 0123, @e, dd12be42-52a9-4a91-a8a1-11c01849e498]
[14:01:42] [Render thread/WARN]: Ambiguity between arguments [teleport, location] and [teleport, destination] with inputs: [0.1 -0.5 .9, 0 0 0]
[14:01:42] [Render thread/WARN]: Ambiguity between arguments [teleport, location] and [teleport, targets] with inputs: [0.1 -0.5 .9, 0 0 0]
[14:01:42] [Render thread/WARN]: Ambiguity between arguments [teleport, targets] and [teleport, destination] with inputs: [Player, 0123, dd12be42-52a9-4a91-a8a1-11c01849e498]
[14:01:42] [Render thread/WARN]: Ambiguity between arguments [teleport, targets, location] and [teleport, targets, destination] with inputs: [0.1 -0.5 .9, 0 0 0]
[14:01:42] [Render thread/INFO]: Reloading ResourceManager: Default, test
[14:01:44] [Render thread/INFO]: Loaded 7 recipes
[14:01:44] [Render thread/INFO]: Loaded 927 advancements
[14:01:48] [Render thread/INFO]: Environment: authHost='https://mcskin.littleservice.cn/api/yggdrasil/authserver', accountsHost='http://127.0.0.1:59933/https/api.mojang.com', sessionHost='http://127.0.0.1:59933/https/sessionserver.mojang.com', name='PROD'
[14:01:48] [Server thread/INFO]: Starting integrated minecraft server version 1.16.3
[14:01:48] [Server thread/INFO]: Generating keypair
[14:01:50] [Server thread/INFO]: Preparing start region for dimension minecraft:overworld
[14:01:52] [Render thread/INFO]: 准备生成区域中：0%
[14:01:52] [Render thread/INFO]: 准备生成区域中：0%
[14:01:52] [Render thread/INFO]: 准备生成区域中：0%
[14:01:52] [Render thread/INFO]: 准备生成区域中：0%
[14:01:52] [Render thread/INFO]: 准备生成区域中：0%
[14:01:52] [Render thread/INFO]: Time elapsed: 2380 ms
[14:01:53] [Server thread/INFO]: Changing view distance to 11, from 10
