[11:04:58] [Render thread/INFO]: Environment: authHost='https://mcskin.littleservice.cn/api/yggdrasil/authserver', accountsHost='http://127.0.0.1:51575/https/api.mojang.com', sessionHost='http://127.0.0.1:51575/https/sessionserver.mojang.com', name='PROD'
[11:04:58] [Render thread/INFO]: Setting user: gele178
[11:04:58] [Render thread/INFO]: Backend library: LWJGL version 3.2.2 build 10
[11:05:02] [Render thread/INFO]: Narrator library for x64 successfully loaded
[11:05:02] [Render thread/INFO]: Reloading ResourceManager: Default, Programmer Art, Dream-HELL
[11:05:08] [Realms Notification Availability checker #1/INFO]: Could not authorize you against Realms server: Invalid session id
[11:05:10] [Worker-Main-11/WARN]: Texture minecraft:item/orange_dye with size 18x18 limits mip level from 4 to 1
[11:05:10] [Worker-Main-11/WARN]: minecraft:textures/atlas/blocks.png: dropping miplevel from 4 to 1, because of minimum power of two: 2
[11:05:11] [Render thread/INFO]: OpenAL initialized.
[11:05:11] [Render thread/INFO]: Sound engine started
[11:05:12] [Render thread/INFO]: Created: 1024x1024x1 minecraft:textures/atlas/blocks.png-atlas
[11:05:12] [Render thread/INFO]: Created: 256x128x4 minecraft:textures/atlas/signs.png-atlas
[11:05:12] [Render thread/INFO]: Created: 1024x512x4 minecraft:textures/atlas/banner_patterns.png-atlas
[11:05:12] [Render thread/INFO]: Created: 1024x512x4 minecraft:textures/atlas/shield_patterns.png-atlas
[11:05:12] [Render thread/INFO]: Created: 256x256x4 minecraft:textures/atlas/chest.png-atlas
[11:05:12] [Render thread/INFO]: Created: 512x256x4 minecraft:textures/atlas/beds.png-atlas
[11:05:12] [Render thread/INFO]: Created: 512x256x4 minecraft:textures/atlas/shulker_boxes.png-atlas
[11:05:13] [Render thread/INFO]: Created: 256x256x0 minecraft:textures/atlas/particles.png-atlas
[11:05:13] [Render thread/INFO]: Created: 256x256x0 minecraft:textures/atlas/paintings.png-atlas
[11:05:13] [Render thread/INFO]: Created: 256x128x0 minecraft:textures/atlas/mob_effects.png-atlas
[11:05:19] [Render thread/WARN]: Ambiguity between arguments [teleport, destination] and [teleport, targets] with inputs: [Player, 0123, @e, dd12be42-52a9-4a91-a8a1-11c01849e498]
[11:05:19] [Render thread/WARN]: Ambiguity between arguments [teleport, location] and [teleport, destination] with inputs: [0.1 -0.5 .9, 0 0 0]
[11:05:19] [Render thread/WARN]: Ambiguity between arguments [teleport, location] and [teleport, targets] with inputs: [0.1 -0.5 .9, 0 0 0]
[11:05:19] [Render thread/WARN]: Ambiguity between arguments [teleport, targets] and [teleport, destination] with inputs: [Player, 0123, dd12be42-52a9-4a91-a8a1-11c01849e498]
[11:05:19] [Render thread/WARN]: Ambiguity between arguments [teleport, targets, location] and [teleport, targets, destination] with inputs: [0.1 -0.5 .9, 0 0 0]
[11:05:19] [Render thread/INFO]: Reloading ResourceManager: Default, test
[11:05:20] [Render thread/INFO]: Loaded 7 recipes
[11:05:21] [Render thread/INFO]: Loaded 927 advancements
[11:05:22] [Render thread/INFO]: Environment: authHost='https://mcskin.littleservice.cn/api/yggdrasil/authserver', accountsHost='http://127.0.0.1:51575/https/api.mojang.com', sessionHost='http://127.0.0.1:51575/https/sessionserver.mojang.com', name='PROD'
[11:05:22] [Server thread/INFO]: Starting integrated minecraft server version 1.16.3
[11:05:22] [Server thread/INFO]: Generating keypair
[11:05:23] [Server thread/INFO]: Preparing start region for dimension minecraft:overworld
[11:05:23] [Render thread/INFO]: 准备生成区域中：0%
[11:05:23] [Render thread/INFO]: Time elapsed: 457 ms
[11:05:23] [Server thread/INFO]: Changing view distance to 11, from 10
[11:05:24] [Server thread/INFO]: gele178[local:E:5d02d72a] logged in with entity id 7 at (10009.300000011921, 15.535840625044555, 10010.756600587552)
[11:05:25] [Server thread/INFO]: gele178加入了游戏
[11:05:25] [Server thread/INFO]: Saving and pausing game...
[11:05:25] [Server thread/INFO]: Saving chunks for level 'ServerLevel[梦魇之渊]'/minecraft:overworld
[11:05:25] [Server thread/INFO]: Saving chunks for level 'ServerLevel[梦魇之渊]'/minecraft:the_nether
[11:05:25] [Server thread/INFO]: Saving chunks for level 'ServerLevel[梦魇之渊]'/minecraft:the_end
[11:05:25] [Render thread/INFO]: Loaded 927 advancements
[11:05:29] [Render thread/INFO]: [CHAT] 未知或不完整的命令，错误见下
[11:05:29] [Render thread/INFO]: [CHAT] ...eadplayers<--[此处]
[11:05:46] [Render thread/INFO]: [CHAT] 已以10009.3, 10010.757为中心分散了1个队伍，平均距离为0.00个方块
[11:05:52] [Render thread/INFO]: [CHAT] 已以10008.3, 10003.311为中心分散了1个队伍，平均距离为0.00个方块
[11:06:00] [Render thread/INFO]: [CHAT] 已以10007.451, 10000.824为中心分散了1个队伍，平均距离为0.00个方块
[11:06:02] [Render thread/INFO]: [CHAT] 已以9998.695, 10000.123为中心分散了1个队伍，平均距离为0.00个方块
[11:06:04] [Render thread/INFO]: [CHAT] 已以9997.5, 9999.5为中心分散了1个队伍，平均距离为0.00个方块
[11:06:23] [Server thread/INFO]: Saving and pausing game...
[11:06:23] [Server thread/INFO]: Saving chunks for level 'ServerLevel[梦魇之渊]'/minecraft:overworld
[11:06:23] [Server thread/INFO]: Saving chunks for level 'ServerLevel[梦魇之渊]'/minecraft:the_nether
[11:06:23] [Server thread/INFO]: Saving chunks for level 'ServerLevel[梦魇之渊]'/minecraft:the_end
[11:06:24] [Server thread/INFO]: [gele178] a
[11:06:24] [Render thread/INFO]: [CHAT] [gele178] a
[11:06:24] [Server thread/INFO]: Saving and pausing game...
[11:06:24] [Server thread/INFO]: Saving chunks for level 'ServerLevel[梦魇之渊]'/minecraft:overworld
[11:06:24] [Server thread/INFO]: Saving chunks for level 'ServerLevel[梦魇之渊]'/minecraft:the_nether
[11:06:24] [Server thread/INFO]: Saving chunks for level 'ServerLevel[梦魇之渊]'/minecraft:the_end
[11:06:25] [Server thread/INFO]: [gele178] b
[11:06:25] [Render thread/INFO]: [CHAT] [gele178] b
[11:06:40] [Server thread/INFO]: Saving and pausing game...
[11:06:40] [Server thread/INFO]: Saving chunks for level 'ServerLevel[梦魇之渊]'/minecraft:overworld
[11:06:40] [Server thread/INFO]: Saving chunks for level 'ServerLevel[梦魇之渊]'/minecraft:the_nether
[11:06:40] [Server thread/INFO]: Saving chunks for level 'ServerLevel[梦魇之渊]'/minecraft:the_end
[11:06:40] [Server thread/INFO]: [gele178] b
[11:06:40] [Render thread/INFO]: [CHAT] [gele178] b
[11:06:41] [Server thread/INFO]: Saving and pausing game...
[11:06:41] [Server thread/INFO]: Saving chunks for level 'ServerLevel[梦魇之渊]'/minecraft:overworld
[11:06:41] [Server thread/INFO]: Saving chunks for level 'ServerLevel[梦魇之渊]'/minecraft:the_nether
[11:06:41] [Server thread/INFO]: Saving chunks for level 'ServerLevel[梦魇之渊]'/minecraft:the_end
[11:06:42] [Server thread/INFO]: [gele178] b
[11:06:42] [Render thread/INFO]: [CHAT] [gele178] b
[11:06:53] [Server thread/INFO]: Saving and pausing game...
[11:06:53] [Server thread/INFO]: Saving chunks for level 'ServerLevel[梦魇之渊]'/minecraft:overworld
[11:06:53] [Server thread/INFO]: Saving chunks for level 'ServerLevel[梦魇之渊]'/minecraft:the_nether
[11:06:53] [Server thread/INFO]: Saving chunks for level 'ServerLevel[梦魇之渊]'/minecraft:the_end
[11:06:56] [Server thread/INFO]: Saving and pausing game...
[11:06:56] [Server thread/INFO]: Saving chunks for level 'ServerLevel[梦魇之渊]'/minecraft:overworld
[11:06:56] [Server thread/INFO]: Saving chunks for level 'ServerLevel[梦魇之渊]'/minecraft:the_nether
[11:06:56] [Server thread/INFO]: Saving chunks for level 'ServerLevel[梦魇之渊]'/minecraft:the_end
[11:06:59] [Render thread/INFO]: Using default channel type
[11:06:59] [Render thread/INFO]: Started serving on 51620
[11:06:59] [Render thread/INFO]: [CHAT] 本地游戏已在端口51620上开启
[11:07:07] [Server thread/INFO]: gele178掉出了这个世界
[11:07:07] [Render thread/INFO]: [CHAT] gele178掉出了这个世界
[11:07:07] [Render thread/INFO]: [CHAT] 已清除gele178
[11:07:08] [Render thread/INFO]: [CHAT] 输入/trigger trig set 3来进入旁观者模式，输入/trigger trig set 2来返回冒险模式
[11:07:08] [Render thread/INFO]: [CHAT] [点我查看帮助]
