[21:29:08] [Render thread/INFO]: Environment: authHost='https://mcskin.littleservice.cn/api/yggdrasil/authserver', accountsHost='http://127.0.0.1:63063/https/api.mojang.com', sessionHost='http://127.0.0.1:63063/https/sessionserver.mojang.com', name='PROD'
[21:29:08] [Render thread/INFO]: Setting user: gele178
[21:29:09] [Render thread/INFO]: Backend library: LWJGL version 3.2.2 build 10
[21:29:17] [Render thread/INFO]: Narrator library for x86 successfully loaded
[21:29:17] [Render thread/INFO]: Reloading ResourceManager: Default, Programmer Art, Dream-HELL
[21:29:26] [Render thread/INFO]: OpenAL initialized.
[21:29:26] [Render thread/INFO]: Sound engine started
[21:29:27] [Render thread/INFO]: Created: 1024x1024x4 minecraft:textures/atlas/blocks.png-atlas
[21:29:27] [Render thread/INFO]: Created: 256x128x4 minecraft:textures/atlas/signs.png-atlas
[21:29:27] [Render thread/INFO]: Created: 1024x512x4 minecraft:textures/atlas/banner_patterns.png-atlas
[21:29:27] [Render thread/INFO]: Created: 1024x512x4 minecraft:textures/atlas/shield_patterns.png-atlas
[21:29:27] [Render thread/INFO]: Created: 256x256x4 minecraft:textures/atlas/chest.png-atlas
[21:29:27] [Render thread/INFO]: Created: 512x256x4 minecraft:textures/atlas/beds.png-atlas
[21:29:27] [Render thread/INFO]: Created: 512x256x4 minecraft:textures/atlas/shulker_boxes.png-atlas
[21:29:29] [Render thread/INFO]: Created: 256x256x0 minecraft:textures/atlas/particles.png-atlas
[21:29:29] [Render thread/INFO]: Created: 256x256x0 minecraft:textures/atlas/paintings.png-atlas
[21:29:29] [Render thread/INFO]: Created: 256x128x0 minecraft:textures/atlas/mob_effects.png-atlas
[21:29:48] [Realms Notification Availability checker #1/INFO]: Could not authorize you against Realms server: Invalid session id
[21:31:02] [Render thread/WARN]: Ambiguity between arguments [teleport, destination] and [teleport, targets] with inputs: [Player, 0123, @e, dd12be42-52a9-4a91-a8a1-11c01849e498]
[21:31:02] [Render thread/WARN]: Ambiguity between arguments [teleport, location] and [teleport, destination] with inputs: [0.1 -0.5 .9, 0 0 0]
[21:31:02] [Render thread/WARN]: Ambiguity between arguments [teleport, location] and [teleport, targets] with inputs: [0.1 -0.5 .9, 0 0 0]
[21:31:02] [Render thread/WARN]: Ambiguity between arguments [teleport, targets] and [teleport, destination] with inputs: [Player, 0123, dd12be42-52a9-4a91-a8a1-11c01849e498]
[21:31:02] [Render thread/WARN]: Ambiguity between arguments [teleport, targets, location] and [teleport, targets, destination] with inputs: [0.1 -0.5 .9, 0 0 0]
[21:31:02] [Render thread/INFO]: Reloading ResourceManager: Default, cmzy
[21:31:03] [Render thread/INFO]: Loaded 7 recipes
[21:31:03] [Render thread/INFO]: Loaded 964 advancements
[21:31:04] [Render thread/INFO]: Environment: authHost='https://mcskin.littleservice.cn/api/yggdrasil/authserver', accountsHost='http://127.0.0.1:63063/https/api.mojang.com', sessionHost='http://127.0.0.1:63063/https/sessionserver.mojang.com', name='PROD'
[21:31:04] [Server thread/INFO]: Starting integrated minecraft server version 1.16.3
[21:31:04] [Server thread/INFO]: Generating keypair
[21:31:05] [Server thread/INFO]: Preparing start region for dimension minecraft:overworld
[21:31:06] [Render thread/INFO]: 准备生成区域中：0%
[21:31:06] [Render thread/INFO]: 准备生成区域中：0%
[21:31:06] [Render thread/INFO]: 准备生成区域中：0%
[21:31:06] [Render thread/INFO]: 准备生成区域中：0%
[21:31:07] [Render thread/INFO]: 准备生成区域中：0%
[21:31:08] [Render thread/INFO]: 准备生成区域中：0%
[21:31:08] [Render thread/INFO]: 准备生成区域中：1%
[21:31:08] [Render thread/INFO]: 准备生成区域中：1%
[21:31:09] [Render thread/INFO]: 准备生成区域中：2%
[21:31:16] [Render thread/INFO]: 准备生成区域中：2%
[21:31:16] [Render thread/INFO]: 准备生成区域中：2%
[21:31:16] [Render thread/INFO]: 准备生成区域中：2%
[21:31:16] [Render thread/INFO]: 准备生成区域中：2%
[21:31:16] [Render thread/INFO]: 准备生成区域中：2%
[21:31:16] [Render thread/INFO]: 准备生成区域中：2%
[21:31:16] [Render thread/INFO]: 准备生成区域中：2%
[21:31:16] [Render thread/INFO]: 准备生成区域中：2%
[21:31:16] [Render thread/INFO]: 准备生成区域中：2%
[21:31:16] [Render thread/INFO]: 准备生成区域中：2%
[21:31:16] [Render thread/INFO]: 准备生成区域中：2%
[21:31:16] [Render thread/INFO]: 准备生成区域中：2%
[21:31:16] [Render thread/INFO]: 准备生成区域中：2%
[21:31:16] [Render thread/INFO]: 准备生成区域中：2%
[21:31:22] [Render thread/INFO]: 准备生成区域中：20%
[21:31:22] [Render thread/INFO]: 准备生成区域中：20%
[21:31:22] [Render thread/INFO]: 准备生成区域中：20%
[21:31:22] [Render thread/INFO]: 准备生成区域中：20%
[21:31:22] [Render thread/INFO]: 准备生成区域中：20%
[21:31:22] [Render thread/INFO]: 准备生成区域中：20%
[21:31:22] [Render thread/INFO]: 准备生成区域中：20%
[21:31:22] [Render thread/INFO]: 准备生成区域中：20%
[21:31:22] [Render thread/INFO]: 准备生成区域中：20%
[21:31:22] [Render thread/INFO]: 准备生成区域中：20%
[21:31:22] [Render thread/INFO]: 准备生成区域中：20%
[21:31:22] [Render thread/INFO]: 准备生成区域中：20%
[21:31:22] [Render thread/INFO]: 准备生成区域中：67%
[21:31:23] [Render thread/INFO]: 准备生成区域中：69%
[21:31:24] [Render thread/INFO]: 准备生成区域中：71%
[21:31:24] [Render thread/INFO]: 准备生成区域中：74%
[21:31:25] [Render thread/INFO]: 准备生成区域中：76%
[21:31:25] [Render thread/INFO]: 准备生成区域中：76%
[21:31:26] [Render thread/INFO]: 准备生成区域中：80%
[21:31:26] [Render thread/INFO]: 准备生成区域中：80%
[21:31:26] [Render thread/INFO]: 准备生成区域中：86%
[21:31:27] [Render thread/INFO]: 准备生成区域中：89%
[21:31:27] [Render thread/INFO]: 准备生成区域中：89%
[21:31:29] [Render thread/INFO]: 准备生成区域中：93%
[21:31:29] [Render thread/INFO]: 准备生成区域中：93%
[21:31:29] [Render thread/INFO]: 准备生成区域中：93%
[21:31:29] [Render thread/INFO]: Time elapsed: 24088 ms
[21:31:29] [Server thread/INFO]: Changing view distance to 11, from 10
