[13:42:02] [Render thread/INFO]: Environment: authHost='https://mcskin.littleservice.cn/api/yggdrasil/authserver', accountsHost='http://127.0.0.1:59531/https/api.mojang.com', sessionHost='http://127.0.0.1:59531/https/sessionserver.mojang.com', name='PROD'
[13:42:02] [Render thread/INFO]: Setting user: gele178
[13:42:02] [Render thread/INFO]: Backend library: LWJGL version 3.2.2 build 10
[13:42:04] [Render thread/INFO]: Narrator library for x86 successfully loaded
[13:42:05] [Render thread/INFO]: Reloading ResourceManager: Default, Programmer Art, Dream-HELL
[13:42:12] [Render thread/INFO]: OpenAL initialized.
[13:42:12] [Render thread/INFO]: Sound engine started
[13:42:13] [Render thread/INFO]: Created: 1024x1024x4 minecraft:textures/atlas/blocks.png-atlas
[13:42:13] [Render thread/INFO]: Created: 256x128x4 minecraft:textures/atlas/signs.png-atlas
[13:42:13] [Render thread/INFO]: Created: 1024x512x4 minecraft:textures/atlas/banner_patterns.png-atlas
[13:42:13] [Render thread/INFO]: Created: 1024x512x4 minecraft:textures/atlas/shield_patterns.png-atlas
[13:42:13] [Render thread/INFO]: Created: 256x256x4 minecraft:textures/atlas/chest.png-atlas
[13:42:13] [Render thread/INFO]: Created: 512x256x4 minecraft:textures/atlas/beds.png-atlas
[13:42:13] [Render thread/INFO]: Created: 512x256x4 minecraft:textures/atlas/shulker_boxes.png-atlas
[13:42:14] [Render thread/INFO]: Created: 256x256x0 minecraft:textures/atlas/particles.png-atlas
[13:42:14] [Render thread/INFO]: Created: 256x256x0 minecraft:textures/atlas/paintings.png-atlas
[13:42:14] [Render thread/INFO]: Created: 256x128x0 minecraft:textures/atlas/mob_effects.png-atlas
[13:42:17] [Realms Notification Availability checker #1/INFO]: Could not authorize you against Realms server: Invalid session id
[13:42:19] [Render thread/WARN]: Ambiguity between arguments [teleport, destination] and [teleport, targets] with inputs: [Player, 0123, @e, dd12be42-52a9-4a91-a8a1-11c01849e498]
[13:42:19] [Render thread/WARN]: Ambiguity between arguments [teleport, location] and [teleport, destination] with inputs: [0.1 -0.5 .9, 0 0 0]
[13:42:19] [Render thread/WARN]: Ambiguity between arguments [teleport, location] and [teleport, targets] with inputs: [0.1 -0.5 .9, 0 0 0]
[13:42:19] [Render thread/WARN]: Ambiguity between arguments [teleport, targets] and [teleport, destination] with inputs: [Player, 0123, dd12be42-52a9-4a91-a8a1-11c01849e498]
[13:42:19] [Render thread/WARN]: Ambiguity between arguments [teleport, targets, location] and [teleport, targets, destination] with inputs: [0.1 -0.5 .9, 0 0 0]
[13:42:19] [Render thread/INFO]: Reloading ResourceManager: Default, test
[13:42:20] [Render thread/INFO]: Loaded 7 recipes
[13:42:20] [Render thread/INFO]: Loaded 927 advancements
[13:42:23] [Render thread/INFO]: Environment: authHost='https://mcskin.littleservice.cn/api/yggdrasil/authserver', accountsHost='http://127.0.0.1:59531/https/api.mojang.com', sessionHost='http://127.0.0.1:59531/https/sessionserver.mojang.com', name='PROD'
[13:42:23] [Server thread/INFO]: Starting integrated minecraft server version 1.16.3
[13:42:23] [Server thread/INFO]: Generating keypair
[13:42:24] [Server thread/INFO]: Preparing start region for dimension minecraft:overworld
[13:42:25] [Render thread/INFO]: 准备生成区域中：0%
[13:42:25] [Render thread/INFO]: 准备生成区域中：0%
[13:42:25] [Render thread/INFO]: 准备生成区域中：0%
[13:42:26] [Render thread/INFO]: 准备生成区域中：0%
[13:42:26] [Render thread/INFO]: Time elapsed: 1911 ms
[13:42:26] [Server thread/INFO]: Changing view distance to 11, from 10
