[15:39:14] [Render thread/INFO]: Environment: authHost='https://authserver.mojang.com', accountsHost='https://api.mojang.com', sessionHost='https://sessionserver.mojang.com', servicesHost='https://api.minecraftservices.com', name='PROD'
[15:39:17] [Render thread/ERROR]: Failed to verify authentication
com.mojang.authlib.exceptions.AuthenticationUnavailableException: null
	at com.mojang.authlib.yggdrasil.YggdrasilSocialInteractionsService.checkPrivileges(YggdrasilSocialInteractionsService.java:83) ~[authlib-2.0.27.jar:?]
	at com.mojang.authlib.yggdrasil.YggdrasilSocialInteractionsService.<init>(YggdrasilSocialInteractionsService.java:34) ~[authlib-2.0.27.jar:?]
	at com.mojang.authlib.yggdrasil.YggdrasilAuthenticationService.createSocialInteractionsService(YggdrasilAuthenticationService.java:152) ~[authlib-2.0.27.jar:?]
	at djz.a(SourceFile:625) [1.16.4.jar:?]
	at djz.<init>(SourceFile:409) [1.16.4.jar:?]
	at net.minecraft.client.main.Main.main(SourceFile:177) [1.16.4.jar:?]
[15:39:17] [Render thread/INFO]: Setting user: GLgele
[15:39:17] [Render thread/INFO]: Backend library: LWJGL version 3.2.2 build 10
[15:39:22] [Render thread/INFO]: Narrator library for x64 successfully loaded
[15:39:23] [Render thread/INFO]: Reloading ResourceManager: Default, Programmer Art, Dream-HELL
[15:39:24] [Realms Notification Availability checker #1/INFO]: Could not authorize you against Realms server: Invalid session id
[15:39:30] [Worker-Main-14/WARN]: Texture minecraft:item/orange_dye with size 18x18 limits mip level from 4 to 1
[15:39:30] [Worker-Main-14/WARN]: minecraft:textures/atlas/blocks.png: dropping miplevel from 4 to 1, because of minimum power of two: 2
[15:39:31] [Render thread/INFO]: OpenAL initialized.
[15:39:31] [Render thread/INFO]: Sound engine started
[15:39:31] [Render thread/INFO]: Created: 1024x1024x1 minecraft:textures/atlas/blocks.png-atlas
[15:39:31] [Render thread/INFO]: Created: 256x128x4 minecraft:textures/atlas/signs.png-atlas
[15:39:31] [Render thread/INFO]: Created: 1024x512x4 minecraft:textures/atlas/banner_patterns.png-atlas
[15:39:31] [Render thread/INFO]: Created: 1024x512x4 minecraft:textures/atlas/shield_patterns.png-atlas
[15:39:31] [Render thread/INFO]: Created: 256x256x4 minecraft:textures/atlas/chest.png-atlas
[15:39:31] [Render thread/INFO]: Created: 512x256x4 minecraft:textures/atlas/beds.png-atlas
[15:39:31] [Render thread/INFO]: Created: 512x256x4 minecraft:textures/atlas/shulker_boxes.png-atlas
[15:39:33] [Render thread/INFO]: Created: 256x256x0 minecraft:textures/atlas/particles.png-atlas
[15:39:33] [Render thread/INFO]: Created: 256x256x0 minecraft:textures/atlas/paintings.png-atlas
[15:39:33] [Render thread/INFO]: Created: 256x128x0 minecraft:textures/atlas/mob_effects.png-atlas
[15:39:48] [Render thread/WARN]: Ambiguity between arguments [teleport, destination] and [teleport, targets] with inputs: [Player, 0123, @e, dd12be42-52a9-4a91-a8a1-11c01849e498]
[15:39:48] [Render thread/WARN]: Ambiguity between arguments [teleport, location] and [teleport, destination] with inputs: [0.1 -0.5 .9, 0 0 0]
[15:39:48] [Render thread/WARN]: Ambiguity between arguments [teleport, location] and [teleport, targets] with inputs: [0.1 -0.5 .9, 0 0 0]
[15:39:48] [Render thread/WARN]: Ambiguity between arguments [teleport, targets] and [teleport, destination] with inputs: [Player, 0123, dd12be42-52a9-4a91-a8a1-11c01849e498]
[15:39:48] [Render thread/WARN]: Ambiguity between arguments [teleport, targets, location] and [teleport, targets, destination] with inputs: [0.1 -0.5 .9, 0 0 0]
[15:39:48] [Render thread/INFO]: Reloading ResourceManager: Default
[15:39:48] [Render thread/INFO]: Loaded 7 recipes
[15:39:49] [Render thread/INFO]: Loaded 927 advancements
[15:39:49] [Render thread/INFO]: Environment: authHost='https://authserver.mojang.com', accountsHost='https://api.mojang.com', sessionHost='https://sessionserver.mojang.com', servicesHost='https://api.minecraftservices.com', name='PROD'
[15:39:49] [Server thread/INFO]: Starting integrated minecraft server version 1.16.4
[15:39:49] [Server thread/INFO]: Generating keypair
[15:39:50] [Server thread/INFO]: Preparing start region for dimension minecraft:overworld
[15:39:50] [Render thread/INFO]: 准备生成区域中：0%
[15:39:50] [Render thread/INFO]: 准备生成区域中：0%
[15:39:51] [Render thread/INFO]: 准备生成区域中：3%
[15:39:51] [Render thread/INFO]: Time elapsed: 1200 ms
[15:39:51] [Server thread/INFO]: Changing view distance to 7, from 10
[15:39:53] [Server thread/INFO]: GLgele[local:E:6c57e159] logged in with entity id 87 at (62.66934615925511, 64.0, -176.96783477185323)
[15:39:53] [Server thread/INFO]: GLgele加入了游戏
[15:39:53] [Server thread/INFO]: Saving and pausing game...
[15:39:53] [Server thread/INFO]: Saving chunks for level 'ServerLevel[- Dream Practice World -]'/minecraft:overworld
[15:39:54] [Render thread/INFO]: Loaded 0 advancements
[15:39:54] [Server thread/INFO]: Saving chunks for level 'ServerLevel[- Dream Practice World -]'/minecraft:the_nether
[15:39:54] [Server thread/INFO]: Saving chunks for level 'ServerLevel[- Dream Practice World -]'/minecraft:the_end
[15:39:54] [Server thread/INFO]: Saving and pausing game...
[15:39:54] [Server thread/INFO]: Saving chunks for level 'ServerLevel[- Dream Practice World -]'/minecraft:overworld
[15:39:54] [Server thread/INFO]: Saving chunks for level 'ServerLevel[- Dream Practice World -]'/minecraft:the_nether
[15:39:54] [Server thread/INFO]: Saving chunks for level 'ServerLevel[- Dream Practice World -]'/minecraft:the_end
[15:39:57] [Render thread/INFO]: Using default channel type
[15:39:57] [Render thread/INFO]: Started serving on 49213
[15:39:57] [Render thread/INFO]: [CHAT] 本地游戏已在端口49213上开启
[15:40:26] [Server thread/INFO]: [GLgele: 已将饱和效果应用于GLgele]
[15:40:26] [Render thread/INFO]: [CHAT] 已将饱和效果应用于GLgele
[15:40:27] [Server thread/INFO]: [GLgele: 已将饱和效果应用于GLgele]
[15:40:27] [Render thread/INFO]: [CHAT] 已将饱和效果应用于GLgele
[15:40:27] [Server thread/INFO]: [GLgele: 已将饱和效果应用于GLgele]
[15:40:27] [Render thread/INFO]: [CHAT] 已将饱和效果应用于GLgele
[15:40:27] [Server thread/INFO]: [GLgele: 已将饱和效果应用于GLgele]
[15:40:27] [Render thread/INFO]: [CHAT] 已将饱和效果应用于GLgele
